/*C255*/SET SCHEMA PUBLIC
drop table evento
/*C256*/SET SCHEMA PUBLIC
drop table if exists evaluation CASCADE 
drop table if exists event CASCADE 
drop table if exists event_participants CASCADE 
drop table if exists event_tags CASCADE 
drop table if exists message CASCADE 
drop table if exists tags CASCADE 
drop table if exists user CASCADE 
drop table if exists user_tags CASCADE 
drop sequence hibernate_sequence if exists
create sequence hibernate_sequence start with 1 increment by 1
create table evaluation (id bigint not null, review varchar(255), score double not null, evaluated_id bigint, evaluator_id bigint, primary key (id))
create table event (id bigint generated by default as identity (start with 1), date timestamp, description varchar(255), is_appropriate boolean not null, location varchar(255), name varchar(255), photo varchar(255), publication_date timestamp, creator_id bigint, primary key (id))
create table event_participants (joined_events_id bigint not null, participants_id bigint not null)
create table event_tags (events_id bigint not null, tags_id bigint not null)
create table message (id bigint generated by default as identity (start with 1), contenido varchar(255), estado integer, fecha timestamp, receiver_id bigint, sender_id bigint, primary key (id))
create table tags (id bigint generated by default as identity (start with 1), is_category boolean not null, tag varchar(255), primary key (id))
create table user (id bigint generated by default as identity (start with 1), birth_date varchar(255), email varchar(255), enabled boolean not null, first_name varchar(255), gender varchar(255), last_name varchar(255), password varchar(255) not null, photo varchar(255), user_role varchar(255), username varchar(255) not null, primary key (id))
create table user_tags (subscribers_id bigint not null, tags_id bigint not null)
alter table user add constraint UK_ob8kqyqqgmefl0aco34akdtpe unique (email)
alter table evaluation add constraint FKlunvqbll02c0wp7fnb6ydcxd7 foreign key (evaluated_id) references user
alter table evaluation add constraint FKtrqokyvat2d5ngqt70acp2edq foreign key (evaluator_id) references user
alter table event add constraint FKfnvc9jgli0tyfktl08q7h5rgd foreign key (creator_id) references user
alter table event_participants add constraint FK6m9wd6frr8aq1bwshfnfbtwve foreign key (participants_id) references user
alter table event_participants add constraint FKkd3clbnwk356hqxf044yo4gcw foreign key (joined_events_id) references event
alter table event_tags add constraint FKomwf0a7b44gjp0k29w9mh2emp foreign key (tags_id) references tags
alter table event_tags add constraint FKmdkd9thunwjxiiyhygdtedaq9 foreign key (events_id) references event
alter table message add constraint FK86f0kc2mt26ifwupnivu6v8oa foreign key (receiver_id) references user
alter table message add constraint FKcnj2qaf5yc36v2f90jw2ipl9b foreign key (sender_id) references user
alter table user_tags add constraint FKs4qq7btmqt4od1ghpeni6cvjp foreign key (tags_id) references tags
alter table user_tags add constraint FK3gqhq8ogc8hnt23y04ej3fuui foreign key (subscribers_id) references user
INSERT INTO USER VALUES(1,'fecha_nac','correo',TRUE,'nombre','String sexo','apellidos','{bcrypt}$2a$10$xLFtBIXGtYvAbRqM95JhcOaG23fHRpDoZIJrsF2cCff9xEHTTdK1u',NULL,'ADMIN','n')
COMMIT
INSERT INTO USER VALUES(2,'fecha_nac 2','correo 2',TRUE,'nombre 2','String sexo 2','apellidos 2','{bcrypt}$2a$10$xLFtBIXGtYvAbRqM95JhcOaG23fHRpDoZIJrsF2cCff9xEHTTdK1u',NULL,'USER','n2')
COMMIT
INSERT INTO USER VALUES(3,'fecha_nac 3','correo 3',TRUE,'nombre 3','String sexo 3','apellidos 3','{bcrypt}$2a$10$xLFtBIXGtYvAbRqM95JhcOaG23fHRpDoZIJrsF2cCff9xEHTTdK1u',NULL,'MOD','n3')
COMMIT
INSERT INTO TAGS VALUES(1,TRUE,'sport')
COMMIT
/*C255*/DISCONNECT
/*C256*/drop table if exists evaluation CASCADE 
drop table if exists event CASCADE 
drop table if exists event_participants CASCADE 
drop table if exists event_tags CASCADE 
drop table if exists message CASCADE 
drop table if exists tags CASCADE 
drop table if exists user CASCADE 
drop table if exists user_tags CASCADE 
drop sequence hibernate_sequence if exists
DISCONNECT
/*C257*/SET SCHEMA PUBLIC
DISCONNECT
/*C258*/SET SCHEMA PUBLIC
DISCONNECT
/*C259*/SET SCHEMA PUBLIC
DISCONNECT
/*C260*/SET SCHEMA PUBLIC
DISCONNECT
/*C261*/SET SCHEMA PUBLIC
DISCONNECT
/*C262*/SET SCHEMA PUBLIC
DISCONNECT
/*C263*/SET SCHEMA PUBLIC
DISCONNECT
/*C264*/SET SCHEMA PUBLIC
DISCONNECT
/*C265*/SET SCHEMA PUBLIC
DISCONNECT
/*C267*/SET SCHEMA PUBLIC
drop table if exists evaluation CASCADE 
drop table if exists event CASCADE 
drop table if exists event_participants CASCADE 
drop table if exists event_tags CASCADE 
drop table if exists message CASCADE 
drop table if exists tags CASCADE 
drop table if exists user CASCADE 
drop table if exists user_tags CASCADE 
drop sequence hibernate_sequence if exists
create sequence hibernate_sequence start with 1 increment by 1
create table evaluation (id bigint not null, review varchar(255), score double not null, evaluated_id bigint, evaluator_id bigint, primary key (id))
create table event (id bigint generated by default as identity (start with 1), date timestamp, description varchar(255), is_appropriate boolean not null, location varchar(255), name varchar(255), photo varchar(255), publication_date timestamp, creator_id bigint, primary key (id))
create table event_participants (joined_events_id bigint not null, participants_id bigint not null)
create table event_tags (events_id bigint not null, tags_id bigint not null)
create table message (id bigint generated by default as identity (start with 1), contenido varchar(255), estado integer, fecha timestamp, receiver_id bigint, sender_id bigint, primary key (id))
create table tags (id bigint generated by default as identity (start with 1), is_category boolean not null, tag varchar(255), primary key (id))
create table user (id bigint generated by default as identity (start with 1), birth_date varchar(255), email varchar(255), enabled boolean not null, first_name varchar(255), gender varchar(255), last_name varchar(255), password varchar(255) not null, photo varchar(255), user_role varchar(255), username varchar(255) not null, primary key (id))
create table user_tags (subscribers_id bigint not null, tags_id bigint not null)
alter table user add constraint UK_ob8kqyqqgmefl0aco34akdtpe unique (email)
alter table evaluation add constraint FKlunvqbll02c0wp7fnb6ydcxd7 foreign key (evaluated_id) references user
alter table evaluation add constraint FKtrqokyvat2d5ngqt70acp2edq foreign key (evaluator_id) references user
alter table event add constraint FKfnvc9jgli0tyfktl08q7h5rgd foreign key (creator_id) references user
alter table event_participants add constraint FK6m9wd6frr8aq1bwshfnfbtwve foreign key (participants_id) references user
alter table event_participants add constraint FKkd3clbnwk356hqxf044yo4gcw foreign key (joined_events_id) references event
alter table event_tags add constraint FKomwf0a7b44gjp0k29w9mh2emp foreign key (tags_id) references tags
alter table event_tags add constraint FKmdkd9thunwjxiiyhygdtedaq9 foreign key (events_id) references event
alter table message add constraint FK86f0kc2mt26ifwupnivu6v8oa foreign key (receiver_id) references user
alter table message add constraint FKcnj2qaf5yc36v2f90jw2ipl9b foreign key (sender_id) references user
alter table user_tags add constraint FKs4qq7btmqt4od1ghpeni6cvjp foreign key (tags_id) references tags
alter table user_tags add constraint FK3gqhq8ogc8hnt23y04ej3fuui foreign key (subscribers_id) references user
INSERT INTO USER VALUES(1,'fecha_nac','correo',TRUE,'nombre','String sexo','apellidos','{bcrypt}$2a$10$xLFtBIXGtYvAbRqM95JhcOaG23fHRpDoZIJrsF2cCff9xEHTTdK1u',NULL,'ADMIN','n')
COMMIT
INSERT INTO USER VALUES(2,'fecha_nac 2','correo 2',TRUE,'nombre 2','String sexo 2','apellidos 2','{bcrypt}$2a$10$xLFtBIXGtYvAbRqM95JhcOaG23fHRpDoZIJrsF2cCff9xEHTTdK1u',NULL,'USER','n2')
COMMIT
INSERT INTO USER VALUES(3,'fecha_nac 3','correo 3',TRUE,'nombre 3','String sexo 3','apellidos 3','{bcrypt}$2a$10$xLFtBIXGtYvAbRqM95JhcOaG23fHRpDoZIJrsF2cCff9xEHTTdK1u',NULL,'MOD','n3')
COMMIT
INSERT INTO EVENT VALUES(2,'2020-04-13 14:49:51.650000','Descripcion Evnto 2',TRUE,'El retiro','Nombre Evento 2',NULL,'2020-04-13 14:49:51.650000',NULL)
COMMIT
INSERT INTO TAGS VALUES(1,TRUE,'sport')
COMMIT
INSERT INTO EVENT_TAGS VALUES(2,1)
COMMIT
drop table if exists evaluation CASCADE 
drop table if exists event CASCADE 
drop table if exists event_participants CASCADE 
drop table if exists event_tags CASCADE 
drop table if exists message CASCADE 
drop table if exists tags CASCADE 
drop table if exists user CASCADE 
drop table if exists user_tags CASCADE 
drop sequence hibernate_sequence if exists
DISCONNECT
/*C268*/SET SCHEMA PUBLIC
DISCONNECT
/*C269*/SET SCHEMA PUBLIC
DISCONNECT
/*C270*/SET SCHEMA PUBLIC
DISCONNECT
/*C271*/SET SCHEMA PUBLIC
DISCONNECT
/*C272*/SET SCHEMA PUBLIC
DISCONNECT
/*C273*/SET SCHEMA PUBLIC
DISCONNECT
/*C274*/SET SCHEMA PUBLIC
DISCONNECT
/*C275*/SET SCHEMA PUBLIC
DISCONNECT
/*C276*/SET SCHEMA PUBLIC
DISCONNECT
/*C277*/SET SCHEMA PUBLIC
drop table if exists evaluation CASCADE 
drop table if exists event CASCADE 
drop table if exists event_participants CASCADE 
drop table if exists event_tags CASCADE 
drop table if exists message CASCADE 
drop table if exists tags CASCADE 
drop table if exists user CASCADE 
drop table if exists user_tags CASCADE 
drop sequence hibernate_sequence if exists
create sequence hibernate_sequence start with 1 increment by 1
create table evaluation (id bigint not null, review varchar(255), score double not null, evaluated_id bigint, evaluator_id bigint, primary key (id))
create table event (id bigint generated by default as identity (start with 1), date timestamp, description varchar(255), is_appropriate boolean not null, location varchar(255), name varchar(255), photo varchar(255), publication_date timestamp, creator_id bigint, primary key (id))
create table event_participants (joined_events_id bigint not null, participants_id bigint not null)
create table event_tags (events_id bigint not null, tags_id bigint not null)
create table message (id bigint generated by default as identity (start with 1), contenido varchar(255), estado integer, fecha timestamp, receiver_id bigint, sender_id bigint, primary key (id))
create table tags (id bigint generated by default as identity (start with 1), is_category boolean not null, tag varchar(255), primary key (id))
create table user (id bigint generated by default as identity (start with 1), birth_date varchar(255), email varchar(255), enabled boolean not null, first_name varchar(255), gender varchar(255), last_name varchar(255), password varchar(255) not null, photo varchar(255), user_role varchar(255), username varchar(255) not null, primary key (id))
create table user_tags (subscribers_id bigint not null, tags_id bigint not null)
alter table user add constraint UK_ob8kqyqqgmefl0aco34akdtpe unique (email)
alter table evaluation add constraint FKlunvqbll02c0wp7fnb6ydcxd7 foreign key (evaluated_id) references user
alter table evaluation add constraint FKtrqokyvat2d5ngqt70acp2edq foreign key (evaluator_id) references user
alter table event add constraint FKfnvc9jgli0tyfktl08q7h5rgd foreign key (creator_id) references user
alter table event_participants add constraint FK6m9wd6frr8aq1bwshfnfbtwve foreign key (participants_id) references user
alter table event_participants add constraint FKkd3clbnwk356hqxf044yo4gcw foreign key (joined_events_id) references event
alter table event_tags add constraint FKomwf0a7b44gjp0k29w9mh2emp foreign key (tags_id) references tags
alter table event_tags add constraint FKmdkd9thunwjxiiyhygdtedaq9 foreign key (events_id) references event
alter table message add constraint FK86f0kc2mt26ifwupnivu6v8oa foreign key (receiver_id) references user
alter table message add constraint FKcnj2qaf5yc36v2f90jw2ipl9b foreign key (sender_id) references user
alter table user_tags add constraint FKs4qq7btmqt4od1ghpeni6cvjp foreign key (tags_id) references tags
alter table user_tags add constraint FK3gqhq8ogc8hnt23y04ej3fuui foreign key (subscribers_id) references user
INSERT INTO USER VALUES(1,'fecha_nac','correo',TRUE,'nombre','String sexo','apellidos','{bcrypt}$2a$10$xLFtBIXGtYvAbRqM95JhcOaG23fHRpDoZIJrsF2cCff9xEHTTdK1u',NULL,'ADMIN','n')
COMMIT
INSERT INTO USER VALUES(2,'fecha_nac 2','correo 2',TRUE,'nombre 2','String sexo 2','apellidos 2','{bcrypt}$2a$10$xLFtBIXGtYvAbRqM95JhcOaG23fHRpDoZIJrsF2cCff9xEHTTdK1u',NULL,'USER','n2')
COMMIT
INSERT INTO USER VALUES(3,'fecha_nac 3','correo 3',TRUE,'nombre 3','String sexo 3','apellidos 3','{bcrypt}$2a$10$xLFtBIXGtYvAbRqM95JhcOaG23fHRpDoZIJrsF2cCff9xEHTTdK1u',NULL,'MOD','n3')
COMMIT
INSERT INTO EVENT VALUES(2,'2020-04-13 14:51:37.303000','Descripcion Evnto 2',TRUE,'El retiro','Nombre Evento 2',NULL,'2020-04-13 14:51:37.303000',NULL)
COMMIT
INSERT INTO TAGS VALUES(1,TRUE,'sport')
COMMIT
INSERT INTO EVENT_TAGS VALUES(2,1)
COMMIT
/*C266*/SET SCHEMA PUBLIC
DISCONNECT
/*C287*/SET SCHEMA PUBLIC
DISCONNECT
/*C277*/drop table if exists evaluation CASCADE 
drop table if exists event CASCADE 
drop table if exists event_participants CASCADE 
drop table if exists event_tags CASCADE 
drop table if exists message CASCADE 
drop table if exists tags CASCADE 
drop table if exists user CASCADE 
drop table if exists user_tags CASCADE 
drop sequence hibernate_sequence if exists
DISCONNECT
/*C278*/SET SCHEMA PUBLIC
DISCONNECT
/*C279*/SET SCHEMA PUBLIC
DISCONNECT
/*C280*/SET SCHEMA PUBLIC
DISCONNECT
/*C281*/SET SCHEMA PUBLIC
DISCONNECT
/*C282*/SET SCHEMA PUBLIC
DISCONNECT
/*C283*/SET SCHEMA PUBLIC
DISCONNECT
/*C284*/SET SCHEMA PUBLIC
DISCONNECT
/*C285*/SET SCHEMA PUBLIC
DISCONNECT
/*C286*/SET SCHEMA PUBLIC
DISCONNECT
/*C289*/SET SCHEMA PUBLIC
drop table if exists evaluation CASCADE 
drop table if exists event CASCADE 
drop table if exists event_participants CASCADE 
drop table if exists event_tags CASCADE 
drop table if exists message CASCADE 
drop table if exists tags CASCADE 
drop table if exists user CASCADE 
drop table if exists user_tags CASCADE 
drop sequence hibernate_sequence if exists
create sequence hibernate_sequence start with 1 increment by 1
create table evaluation (id bigint not null, review varchar(255), score double not null, evaluated_id bigint, evaluator_id bigint, primary key (id))
create table event (id bigint generated by default as identity (start with 1), date timestamp, description varchar(255), is_appropriate boolean not null, location varchar(255), name varchar(255), photo varchar(255), publication_date timestamp, creator_id bigint, primary key (id))
create table event_participants (joined_events_id bigint not null, participants_id bigint not null)
create table event_tags (events_id bigint not null, tags_id bigint not null)
create table message (id bigint generated by default as identity (start with 1), contenido varchar(255), estado integer, fecha timestamp, receiver_id bigint, sender_id bigint, primary key (id))
create table tags (id bigint generated by default as identity (start with 1), is_category boolean not null, tag varchar(255), primary key (id))
create table user (id bigint generated by default as identity (start with 1), birth_date varchar(255), email varchar(255), enabled boolean not null, first_name varchar(255), gender varchar(255), last_name varchar(255), password varchar(255) not null, photo varchar(255), user_role varchar(255), username varchar(255) not null, primary key (id))
create table user_tags (subscribers_id bigint not null, tags_id bigint not null)
alter table user add constraint UK_ob8kqyqqgmefl0aco34akdtpe unique (email)
alter table evaluation add constraint FKlunvqbll02c0wp7fnb6ydcxd7 foreign key (evaluated_id) references user
alter table evaluation add constraint FKtrqokyvat2d5ngqt70acp2edq foreign key (evaluator_id) references user
alter table event add constraint FKfnvc9jgli0tyfktl08q7h5rgd foreign key (creator_id) references user
alter table event_participants add constraint FK6m9wd6frr8aq1bwshfnfbtwve foreign key (participants_id) references user
alter table event_participants add constraint FKkd3clbnwk356hqxf044yo4gcw foreign key (joined_events_id) references event
alter table event_tags add constraint FKomwf0a7b44gjp0k29w9mh2emp foreign key (tags_id) references tags
alter table event_tags add constraint FKmdkd9thunwjxiiyhygdtedaq9 foreign key (events_id) references event
alter table message add constraint FK86f0kc2mt26ifwupnivu6v8oa foreign key (receiver_id) references user
alter table message add constraint FKcnj2qaf5yc36v2f90jw2ipl9b foreign key (sender_id) references user
alter table user_tags add constraint FKs4qq7btmqt4od1ghpeni6cvjp foreign key (tags_id) references tags
alter table user_tags add constraint FK3gqhq8ogc8hnt23y04ej3fuui foreign key (subscribers_id) references user
INSERT INTO USER VALUES(1,'fecha_nac','correo',TRUE,'nombre','String sexo','apellidos','{bcrypt}$2a$10$xLFtBIXGtYvAbRqM95JhcOaG23fHRpDoZIJrsF2cCff9xEHTTdK1u',NULL,'ADMIN','n')
COMMIT
INSERT INTO USER VALUES(2,'fecha_nac 2','correo 2',TRUE,'nombre 2','String sexo 2','apellidos 2','{bcrypt}$2a$10$xLFtBIXGtYvAbRqM95JhcOaG23fHRpDoZIJrsF2cCff9xEHTTdK1u',NULL,'USER','n2')
COMMIT
INSERT INTO USER VALUES(3,'fecha_nac 3','correo 3',TRUE,'nombre 3','String sexo 3','apellidos 3','{bcrypt}$2a$10$xLFtBIXGtYvAbRqM95JhcOaG23fHRpDoZIJrsF2cCff9xEHTTdK1u',NULL,'MOD','n3')
COMMIT
INSERT INTO EVENT VALUES(1,'2020-04-13 14:53:29.212000','Descripcion Evnto 1',TRUE,'El retiro','Nombre Evento 1',NULL,'2020-04-13 14:53:29.212000',NULL)
COMMIT
INSERT INTO EVENT VALUES(2,'2020-04-13 14:53:29.212000','Descripcion Evnto 2',TRUE,'El retiro','Nombre Evento 2',NULL,'2020-04-13 14:53:29.212000',NULL)
COMMIT
INSERT INTO EVENT VALUES(3,'2020-04-13 14:53:29.213000','Descripcion Evnto 3',FALSE,'El retiro','Nombre Evento 3',NULL,'2020-04-13 14:53:29.213000',NULL)
COMMIT
INSERT INTO TAGS VALUES(1,TRUE,'sport')
COMMIT
INSERT INTO EVENT_TAGS VALUES(1,1)
COMMIT
INSERT INTO EVENT_TAGS VALUES(2,1)
COMMIT
INSERT INTO EVENT_TAGS VALUES(3,1)
COMMIT
drop table if exists evaluation CASCADE 
drop table if exists event CASCADE 
drop table if exists event_participants CASCADE 
drop table if exists event_tags CASCADE 
drop table if exists message CASCADE 
drop table if exists tags CASCADE 
drop table if exists user CASCADE 
drop table if exists user_tags CASCADE 
drop sequence hibernate_sequence if exists
DISCONNECT
/*C290*/SET SCHEMA PUBLIC
DISCONNECT
/*C291*/SET SCHEMA PUBLIC
DISCONNECT
/*C292*/SET SCHEMA PUBLIC
DISCONNECT
/*C293*/SET SCHEMA PUBLIC
DISCONNECT
/*C294*/SET SCHEMA PUBLIC
DISCONNECT
/*C295*/SET SCHEMA PUBLIC
DISCONNECT
/*C296*/SET SCHEMA PUBLIC
DISCONNECT
/*C297*/SET SCHEMA PUBLIC
DISCONNECT
/*C298*/SET SCHEMA PUBLIC
DISCONNECT
/*C299*/SET SCHEMA PUBLIC
drop table if exists evaluation CASCADE 
drop table if exists event CASCADE 
drop table if exists event_participants CASCADE 
drop table if exists event_tags CASCADE 
drop table if exists message CASCADE 
drop table if exists tags CASCADE 
drop table if exists user CASCADE 
drop table if exists user_tags CASCADE 
drop sequence hibernate_sequence if exists
create sequence hibernate_sequence start with 1 increment by 1
create table evaluation (id bigint not null, review varchar(255), score double not null, evaluated_id bigint, evaluator_id bigint, primary key (id))
create table event (id bigint generated by default as identity (start with 1), date timestamp, description varchar(255), is_appropriate boolean not null, location varchar(255), name varchar(255), photo varchar(255), publication_date timestamp, creator_id bigint, primary key (id))
create table event_participants (joined_events_id bigint not null, participants_id bigint not null)
create table event_tags (events_id bigint not null, tags_id bigint not null)
create table message (id bigint generated by default as identity (start with 1), contenido varchar(255), estado integer, fecha timestamp, receiver_id bigint, sender_id bigint, primary key (id))
create table tags (id bigint generated by default as identity (start with 1), is_category boolean not null, tag varchar(255), primary key (id))
create table user (id bigint generated by default as identity (start with 1), birth_date varchar(255), email varchar(255), enabled boolean not null, first_name varchar(255), gender varchar(255), last_name varchar(255), password varchar(255) not null, photo varchar(255), user_role varchar(255), username varchar(255) not null, primary key (id))
create table user_tags (subscribers_id bigint not null, tags_id bigint not null)
alter table user add constraint UK_ob8kqyqqgmefl0aco34akdtpe unique (email)
alter table evaluation add constraint FKlunvqbll02c0wp7fnb6ydcxd7 foreign key (evaluated_id) references user
alter table evaluation add constraint FKtrqokyvat2d5ngqt70acp2edq foreign key (evaluator_id) references user
alter table event add constraint FKfnvc9jgli0tyfktl08q7h5rgd foreign key (creator_id) references user
alter table event_participants add constraint FK6m9wd6frr8aq1bwshfnfbtwve foreign key (participants_id) references user
alter table event_participants add constraint FKkd3clbnwk356hqxf044yo4gcw foreign key (joined_events_id) references event
alter table event_tags add constraint FKomwf0a7b44gjp0k29w9mh2emp foreign key (tags_id) references tags
alter table event_tags add constraint FKmdkd9thunwjxiiyhygdtedaq9 foreign key (events_id) references event
alter table message add constraint FK86f0kc2mt26ifwupnivu6v8oa foreign key (receiver_id) references user
alter table message add constraint FKcnj2qaf5yc36v2f90jw2ipl9b foreign key (sender_id) references user
alter table user_tags add constraint FKs4qq7btmqt4od1ghpeni6cvjp foreign key (tags_id) references tags
alter table user_tags add constraint FK3gqhq8ogc8hnt23y04ej3fuui foreign key (subscribers_id) references user
INSERT INTO USER VALUES(1,'fecha_nac','correo',TRUE,'nombre','String sexo','apellidos','{bcrypt}$2a$10$xLFtBIXGtYvAbRqM95JhcOaG23fHRpDoZIJrsF2cCff9xEHTTdK1u',NULL,'ADMIN','n')
COMMIT
INSERT INTO USER VALUES(2,'fecha_nac 2','correo 2',TRUE,'nombre 2','String sexo 2','apellidos 2','{bcrypt}$2a$10$xLFtBIXGtYvAbRqM95JhcOaG23fHRpDoZIJrsF2cCff9xEHTTdK1u',NULL,'USER','n2')
COMMIT
INSERT INTO USER VALUES(3,'fecha_nac 3','correo 3',TRUE,'nombre 3','String sexo 3','apellidos 3','{bcrypt}$2a$10$xLFtBIXGtYvAbRqM95JhcOaG23fHRpDoZIJrsF2cCff9xEHTTdK1u',NULL,'MOD','n3')
COMMIT
INSERT INTO EVENT VALUES(1,'2020-04-13 15:05:15.405000','Descripcion Evnto 1',TRUE,'El retiro','Nombre Evento 1',NULL,'2020-04-13 15:05:15.405000',NULL)
COMMIT
INSERT INTO EVENT VALUES(2,'2020-04-13 15:05:15.406000','Descripcion Evnto 2',TRUE,'El retiro','Nombre Evento 2',NULL,'2020-04-13 15:05:15.406000',NULL)
COMMIT
INSERT INTO EVENT VALUES(3,'2020-04-13 15:05:15.406000','Descripcion Evnto 3',FALSE,'El retiro','Nombre Evento 3',NULL,'2020-04-13 15:05:15.406000',NULL)
COMMIT
INSERT INTO TAGS VALUES(1,TRUE,'sport')
COMMIT
INSERT INTO EVENT_TAGS VALUES(1,1)
COMMIT
INSERT INTO EVENT_TAGS VALUES(2,1)
COMMIT
INSERT INTO EVENT_TAGS VALUES(3,1)
COMMIT
drop table if exists evaluation CASCADE 
drop table if exists event CASCADE 
drop table if exists event_participants CASCADE 
drop table if exists event_tags CASCADE 
drop table if exists message CASCADE 
drop table if exists tags CASCADE 
drop table if exists user CASCADE 
drop table if exists user_tags CASCADE 
drop sequence hibernate_sequence if exists
DISCONNECT
/*C300*/SET SCHEMA PUBLIC
DISCONNECT
/*C301*/SET SCHEMA PUBLIC
DISCONNECT
/*C302*/SET SCHEMA PUBLIC
DISCONNECT
/*C303*/SET SCHEMA PUBLIC
DISCONNECT
/*C304*/SET SCHEMA PUBLIC
DISCONNECT
/*C305*/SET SCHEMA PUBLIC
DISCONNECT
/*C306*/SET SCHEMA PUBLIC
DISCONNECT
/*C307*/SET SCHEMA PUBLIC
DISCONNECT
/*C308*/SET SCHEMA PUBLIC
DISCONNECT
/*C309*/SET SCHEMA PUBLIC
drop table if exists evaluation CASCADE 
drop table if exists event CASCADE 
drop table if exists event_participants CASCADE 
drop table if exists event_tags CASCADE 
drop table if exists message CASCADE 
drop table if exists tags CASCADE 
drop table if exists user CASCADE 
drop table if exists user_tags CASCADE 
drop sequence hibernate_sequence if exists
create sequence hibernate_sequence start with 1 increment by 1
create table evaluation (id bigint not null, review varchar(255), score double not null, evaluated_id bigint, evaluator_id bigint, primary key (id))
create table event (id bigint generated by default as identity (start with 1), date timestamp, description varchar(255), is_appropriate boolean not null, location varchar(255), name varchar(255), photo varchar(255), publication_date timestamp, creator_id bigint, primary key (id))
create table event_participants (joined_events_id bigint not null, participants_id bigint not null)
create table event_tags (events_id bigint not null, tags_id bigint not null)
create table message (id bigint generated by default as identity (start with 1), contenido varchar(255), estado integer, fecha timestamp, receiver_id bigint, sender_id bigint, primary key (id))
create table tags (id bigint generated by default as identity (start with 1), is_category boolean not null, tag varchar(255), primary key (id))
create table user (id bigint generated by default as identity (start with 1), birth_date varchar(255), email varchar(255), enabled boolean not null, first_name varchar(255), gender varchar(255), last_name varchar(255), password varchar(255) not null, photo varchar(255), user_role varchar(255), username varchar(255) not null, primary key (id))
create table user_tags (subscribers_id bigint not null, tags_id bigint not null)
alter table user add constraint UK_ob8kqyqqgmefl0aco34akdtpe unique (email)
alter table evaluation add constraint FKlunvqbll02c0wp7fnb6ydcxd7 foreign key (evaluated_id) references user
alter table evaluation add constraint FKtrqokyvat2d5ngqt70acp2edq foreign key (evaluator_id) references user
alter table event add constraint FKfnvc9jgli0tyfktl08q7h5rgd foreign key (creator_id) references user
alter table event_participants add constraint FK6m9wd6frr8aq1bwshfnfbtwve foreign key (participants_id) references user
alter table event_participants add constraint FKkd3clbnwk356hqxf044yo4gcw foreign key (joined_events_id) references event
alter table event_tags add constraint FKomwf0a7b44gjp0k29w9mh2emp foreign key (tags_id) references tags
alter table event_tags add constraint FKmdkd9thunwjxiiyhygdtedaq9 foreign key (events_id) references event
alter table message add constraint FK86f0kc2mt26ifwupnivu6v8oa foreign key (receiver_id) references user
alter table message add constraint FKcnj2qaf5yc36v2f90jw2ipl9b foreign key (sender_id) references user
alter table user_tags add constraint FKs4qq7btmqt4od1ghpeni6cvjp foreign key (tags_id) references tags
alter table user_tags add constraint FK3gqhq8ogc8hnt23y04ej3fuui foreign key (subscribers_id) references user
INSERT INTO USER VALUES(1,'fecha_nac','correo',TRUE,'nombre','String sexo','apellidos','{bcrypt}$2a$10$xLFtBIXGtYvAbRqM95JhcOaG23fHRpDoZIJrsF2cCff9xEHTTdK1u',NULL,'ADMIN','n')
COMMIT
INSERT INTO USER VALUES(2,'fecha_nac 2','correo 2',TRUE,'nombre 2','String sexo 2','apellidos 2','{bcrypt}$2a$10$xLFtBIXGtYvAbRqM95JhcOaG23fHRpDoZIJrsF2cCff9xEHTTdK1u',NULL,'USER','n2')
COMMIT
INSERT INTO USER VALUES(3,'fecha_nac 3','correo 3',TRUE,'nombre 3','String sexo 3','apellidos 3','{bcrypt}$2a$10$xLFtBIXGtYvAbRqM95JhcOaG23fHRpDoZIJrsF2cCff9xEHTTdK1u',NULL,'MOD','n3')
COMMIT
INSERT INTO EVENT VALUES(1,'2020-04-13 15:10:34.426000','Descripcion Evnto 1',TRUE,'El retiro','Nombre Evento 1',NULL,'2020-04-13 15:10:34.426000',NULL)
COMMIT
INSERT INTO EVENT VALUES(2,'2020-04-13 15:10:34.426000','Descripcion Evnto 2',TRUE,'El retiro','Nombre Evento 2',NULL,'2020-04-13 15:10:34.426000',NULL)
COMMIT
INSERT INTO EVENT VALUES(3,'2020-04-13 15:10:34.427000','Descripcion Evnto 3',FALSE,'El retiro','Nombre Evento 3',NULL,'2020-04-13 15:10:34.427000',NULL)
COMMIT
INSERT INTO TAGS VALUES(1,TRUE,'sport')
COMMIT
INSERT INTO EVENT_TAGS VALUES(1,1)
COMMIT
INSERT INTO EVENT_TAGS VALUES(2,1)
COMMIT
INSERT INTO EVENT_TAGS VALUES(3,1)
COMMIT
drop table if exists evaluation CASCADE 
drop table if exists event CASCADE 
drop table if exists event_participants CASCADE 
drop table if exists event_tags CASCADE 
drop table if exists message CASCADE 
drop table if exists tags CASCADE 
drop table if exists user CASCADE 
drop table if exists user_tags CASCADE 
drop sequence hibernate_sequence if exists
DISCONNECT
/*C310*/SET SCHEMA PUBLIC
DISCONNECT
/*C311*/SET SCHEMA PUBLIC
DISCONNECT
/*C312*/SET SCHEMA PUBLIC
DISCONNECT
/*C313*/SET SCHEMA PUBLIC
DISCONNECT
/*C314*/SET SCHEMA PUBLIC
DISCONNECT
/*C315*/SET SCHEMA PUBLIC
DISCONNECT
/*C316*/SET SCHEMA PUBLIC
DISCONNECT
/*C317*/SET SCHEMA PUBLIC
DISCONNECT
/*C318*/SET SCHEMA PUBLIC
DISCONNECT
/*C319*/SET SCHEMA PUBLIC
drop table if exists evaluation CASCADE 
drop table if exists event CASCADE 
drop table if exists event_participants CASCADE 
drop table if exists event_tags CASCADE 
drop table if exists message CASCADE 
drop table if exists tags CASCADE 
drop table if exists user CASCADE 
drop table if exists user_tags CASCADE 
drop sequence hibernate_sequence if exists
create sequence hibernate_sequence start with 1 increment by 1
create table evaluation (id bigint not null, review varchar(255), score double not null, evaluated_id bigint, evaluator_id bigint, primary key (id))
create table event (id bigint generated by default as identity (start with 1), date timestamp, description varchar(255), is_appropriate boolean not null, location varchar(255), name varchar(255), photo varchar(255), publication_date timestamp, creator_id bigint, primary key (id))
create table event_participants (joined_events_id bigint not null, participants_id bigint not null)
create table event_tags (events_id bigint not null, tags_id bigint not null)
create table message (id bigint generated by default as identity (start with 1), contenido varchar(255), estado integer, fecha timestamp, receiver_id bigint, sender_id bigint, primary key (id))
create table tags (id bigint generated by default as identity (start with 1), is_category boolean not null, tag varchar(255), primary key (id))
create table user (id bigint generated by default as identity (start with 1), birth_date varchar(255), email varchar(255), enabled boolean not null, first_name varchar(255), gender varchar(255), last_name varchar(255), password varchar(255) not null, photo varchar(255), user_role varchar(255), username varchar(255) not null, primary key (id))
create table user_tags (subscribers_id bigint not null, tags_id bigint not null)
alter table user add constraint UK_ob8kqyqqgmefl0aco34akdtpe unique (email)
alter table evaluation add constraint FKlunvqbll02c0wp7fnb6ydcxd7 foreign key (evaluated_id) references user
alter table evaluation add constraint FKtrqokyvat2d5ngqt70acp2edq foreign key (evaluator_id) references user
alter table event add constraint FKfnvc9jgli0tyfktl08q7h5rgd foreign key (creator_id) references user
alter table event_participants add constraint FK6m9wd6frr8aq1bwshfnfbtwve foreign key (participants_id) references user
alter table event_participants add constraint FKkd3clbnwk356hqxf044yo4gcw foreign key (joined_events_id) references event
alter table event_tags add constraint FKomwf0a7b44gjp0k29w9mh2emp foreign key (tags_id) references tags
alter table event_tags add constraint FKmdkd9thunwjxiiyhygdtedaq9 foreign key (events_id) references event
alter table message add constraint FK86f0kc2mt26ifwupnivu6v8oa foreign key (receiver_id) references user
alter table message add constraint FKcnj2qaf5yc36v2f90jw2ipl9b foreign key (sender_id) references user
alter table user_tags add constraint FKs4qq7btmqt4od1ghpeni6cvjp foreign key (tags_id) references tags
alter table user_tags add constraint FK3gqhq8ogc8hnt23y04ej3fuui foreign key (subscribers_id) references user
INSERT INTO USER VALUES(1,'fecha_nac','correo',TRUE,'nombre','String sexo','apellidos','{bcrypt}$2a$10$xLFtBIXGtYvAbRqM95JhcOaG23fHRpDoZIJrsF2cCff9xEHTTdK1u',NULL,'ADMIN','n')
COMMIT
INSERT INTO USER VALUES(2,'fecha_nac 2','correo 2',TRUE,'nombre 2','String sexo 2','apellidos 2','{bcrypt}$2a$10$xLFtBIXGtYvAbRqM95JhcOaG23fHRpDoZIJrsF2cCff9xEHTTdK1u',NULL,'USER','n2')
COMMIT
INSERT INTO USER VALUES(3,'fecha_nac 3','correo 3',TRUE,'nombre 3','String sexo 3','apellidos 3','{bcrypt}$2a$10$xLFtBIXGtYvAbRqM95JhcOaG23fHRpDoZIJrsF2cCff9xEHTTdK1u',NULL,'MOD','n3')
COMMIT
INSERT INTO EVENT VALUES(1,'2020-04-13 15:18:17.293000','Descripcion Evnto 1',TRUE,'El retiro','Nombre Evento 1',NULL,'2020-04-13 15:18:17.293000',NULL)
COMMIT
INSERT INTO EVENT VALUES(2,'2020-04-13 15:18:17.294000','Descripcion Evnto 2',TRUE,'El retiro','Nombre Evento 2',NULL,'2020-04-13 15:18:17.294000',NULL)
COMMIT
INSERT INTO EVENT VALUES(3,'2020-04-13 15:18:17.294000','Descripcion Evnto 3',FALSE,'El retiro','Nombre Evento 3',NULL,'2020-04-13 15:18:17.294000',NULL)
COMMIT
INSERT INTO TAGS VALUES(1,TRUE,'sport')
COMMIT
INSERT INTO EVENT_TAGS VALUES(1,1)
COMMIT
INSERT INTO EVENT_TAGS VALUES(2,1)
COMMIT
INSERT INTO EVENT_TAGS VALUES(3,1)
COMMIT
drop table if exists evaluation CASCADE 
drop table if exists event CASCADE 
drop table if exists event_participants CASCADE 
drop table if exists event_tags CASCADE 
drop table if exists message CASCADE 
drop table if exists tags CASCADE 
drop table if exists user CASCADE 
drop table if exists user_tags CASCADE 
drop sequence hibernate_sequence if exists
DISCONNECT
/*C320*/SET SCHEMA PUBLIC
DISCONNECT
/*C321*/SET SCHEMA PUBLIC
DISCONNECT
/*C322*/SET SCHEMA PUBLIC
DISCONNECT
/*C323*/SET SCHEMA PUBLIC
DISCONNECT
/*C324*/SET SCHEMA PUBLIC
DISCONNECT
/*C325*/SET SCHEMA PUBLIC
DISCONNECT
/*C326*/SET SCHEMA PUBLIC
DISCONNECT
/*C327*/SET SCHEMA PUBLIC
DISCONNECT
/*C328*/SET SCHEMA PUBLIC
DISCONNECT
/*C329*/SET SCHEMA PUBLIC
drop table if exists evaluation CASCADE 
drop table if exists event CASCADE 
drop table if exists event_participants CASCADE 
drop table if exists event_tags CASCADE 
drop table if exists message CASCADE 
drop table if exists tags CASCADE 
drop table if exists user CASCADE 
drop table if exists user_tags CASCADE 
drop sequence hibernate_sequence if exists
create sequence hibernate_sequence start with 1 increment by 1
create table evaluation (id bigint not null, review varchar(255), score double not null, evaluated_id bigint, evaluator_id bigint, primary key (id))
create table event (id bigint generated by default as identity (start with 1), date timestamp, description varchar(255), is_appropriate boolean not null, location varchar(255), name varchar(255), photo varchar(255), publication_date timestamp, creator_id bigint, primary key (id))
create table event_participants (joined_events_id bigint not null, participants_id bigint not null)
create table event_tags (events_id bigint not null, tags_id bigint not null)
create table message (id bigint generated by default as identity (start with 1), contenido varchar(255), estado integer, fecha timestamp, receiver_id bigint, sender_id bigint, primary key (id))
create table tags (id bigint generated by default as identity (start with 1), is_category boolean not null, tag varchar(255), primary key (id))
create table user (id bigint generated by default as identity (start with 1), birth_date varchar(255), email varchar(255), enabled boolean not null, first_name varchar(255), gender varchar(255), last_name varchar(255), password varchar(255) not null, photo varchar(255), user_role varchar(255), username varchar(255) not null, primary key (id))
create table user_tags (subscribers_id bigint not null, tags_id bigint not null)
alter table user add constraint UK_ob8kqyqqgmefl0aco34akdtpe unique (email)
alter table evaluation add constraint FKlunvqbll02c0wp7fnb6ydcxd7 foreign key (evaluated_id) references user
alter table evaluation add constraint FKtrqokyvat2d5ngqt70acp2edq foreign key (evaluator_id) references user
alter table event add constraint FKfnvc9jgli0tyfktl08q7h5rgd foreign key (creator_id) references user
alter table event_participants add constraint FK6m9wd6frr8aq1bwshfnfbtwve foreign key (participants_id) references user
alter table event_participants add constraint FKkd3clbnwk356hqxf044yo4gcw foreign key (joined_events_id) references event
alter table event_tags add constraint FKomwf0a7b44gjp0k29w9mh2emp foreign key (tags_id) references tags
alter table event_tags add constraint FKmdkd9thunwjxiiyhygdtedaq9 foreign key (events_id) references event
alter table message add constraint FK86f0kc2mt26ifwupnivu6v8oa foreign key (receiver_id) references user
alter table message add constraint FKcnj2qaf5yc36v2f90jw2ipl9b foreign key (sender_id) references user
alter table user_tags add constraint FKs4qq7btmqt4od1ghpeni6cvjp foreign key (tags_id) references tags
alter table user_tags add constraint FK3gqhq8ogc8hnt23y04ej3fuui foreign key (subscribers_id) references user
INSERT INTO USER VALUES(1,'fecha_nac','correo',TRUE,'nombre','String sexo','apellidos','{bcrypt}$2a$10$xLFtBIXGtYvAbRqM95JhcOaG23fHRpDoZIJrsF2cCff9xEHTTdK1u',NULL,'ADMIN','n')
COMMIT
INSERT INTO USER VALUES(2,'fecha_nac 2','correo 2',TRUE,'nombre 2','String sexo 2','apellidos 2','{bcrypt}$2a$10$xLFtBIXGtYvAbRqM95JhcOaG23fHRpDoZIJrsF2cCff9xEHTTdK1u',NULL,'USER','n2')
COMMIT
INSERT INTO USER VALUES(3,'fecha_nac 3','correo 3',TRUE,'nombre 3','String sexo 3','apellidos 3','{bcrypt}$2a$10$xLFtBIXGtYvAbRqM95JhcOaG23fHRpDoZIJrsF2cCff9xEHTTdK1u',NULL,'MOD','n3')
COMMIT
INSERT INTO EVENT VALUES(1,'2020-04-13 15:28:34.726000','Descripcion Evnto 1',TRUE,'El retiro','Nombre Evento 1',NULL,'2020-04-13 15:28:34.726000',NULL)
COMMIT
INSERT INTO EVENT VALUES(2,'2020-04-13 15:28:34.727000','Descripcion Evnto 2',TRUE,'El retiro','Nombre Evento 2',NULL,'2020-04-13 15:28:34.727000',NULL)
COMMIT
INSERT INTO EVENT VALUES(3,'2020-04-13 15:28:34.727000','Descripcion Evnto 3',FALSE,'El retiro','Nombre Evento 3',NULL,'2020-04-13 15:28:34.727000',NULL)
COMMIT
INSERT INTO TAGS VALUES(1,TRUE,'sport')
COMMIT
INSERT INTO EVENT_TAGS VALUES(1,1)
COMMIT
INSERT INTO EVENT_TAGS VALUES(2,1)
COMMIT
INSERT INTO EVENT_TAGS VALUES(3,1)
COMMIT
DISCONNECT
/*C335*/SET SCHEMA PUBLIC
DISCONNECT
/*C333*/SET SCHEMA PUBLIC
DISCONNECT
/*C336*/SET SCHEMA PUBLIC
DISCONNECT
/*C338*/SET SCHEMA PUBLIC
DISCONNECT
/*C331*/SET SCHEMA PUBLIC
DISCONNECT
/*C330*/SET SCHEMA PUBLIC
DISCONNECT
/*C332*/SET SCHEMA PUBLIC
DISCONNECT
/*C334*/SET SCHEMA PUBLIC
DISCONNECT
/*C337*/SET SCHEMA PUBLIC
DISCONNECT
/*C339*/SET SCHEMA PUBLIC
drop table if exists evaluation CASCADE 
drop table if exists event CASCADE 
drop table if exists event_participants CASCADE 
drop table if exists event_tags CASCADE 
drop table if exists message CASCADE 
drop table if exists tags CASCADE 
drop table if exists user CASCADE 
drop table if exists user_tags CASCADE 
drop sequence hibernate_sequence if exists
DISCONNECT
/*C340*/SET SCHEMA PUBLIC
DISCONNECT
/*C341*/SET SCHEMA PUBLIC
DISCONNECT
/*C342*/SET SCHEMA PUBLIC
DISCONNECT
/*C343*/SET SCHEMA PUBLIC
DISCONNECT
/*C344*/SET SCHEMA PUBLIC
DISCONNECT
/*C345*/SET SCHEMA PUBLIC
DISCONNECT
/*C346*/SET SCHEMA PUBLIC
DISCONNECT
/*C347*/SET SCHEMA PUBLIC
DISCONNECT
/*C348*/SET SCHEMA PUBLIC
DISCONNECT
/*C349*/SET SCHEMA PUBLIC
drop table if exists evaluation CASCADE 
drop table if exists event CASCADE 
drop table if exists event_participants CASCADE 
drop table if exists event_tags CASCADE 
drop table if exists message CASCADE 
drop table if exists tags CASCADE 
drop table if exists user CASCADE 
drop table if exists user_tags CASCADE 
drop sequence hibernate_sequence if exists
create sequence hibernate_sequence start with 1 increment by 1
create table evaluation (id bigint not null, review varchar(255), score double not null, evaluated_id bigint, evaluator_id bigint, primary key (id))
create table event (id bigint generated by default as identity (start with 1), date timestamp, description varchar(255), is_appropriate boolean not null, location varchar(255), name varchar(255), photo varchar(255), publication_date timestamp, creator_id bigint, primary key (id))
create table event_participants (joined_events_id bigint not null, participants_id bigint not null)
create table event_tags (events_id bigint not null, tags_id bigint not null)
create table message (id bigint generated by default as identity (start with 1), contenido varchar(255), estado integer, fecha timestamp, receiver_id bigint, sender_id bigint, primary key (id))
create table tags (id bigint generated by default as identity (start with 1), is_category boolean not null, tag varchar(255), primary key (id))
create table user (id bigint generated by default as identity (start with 1), birth_date varchar(255), email varchar(255), enabled boolean not null, first_name varchar(255), gender varchar(255), last_name varchar(255), password varchar(255) not null, photo varchar(255), user_role varchar(255), username varchar(255) not null, primary key (id))
create table user_tags (subscribers_id bigint not null, tags_id bigint not null)
alter table user add constraint UK_ob8kqyqqgmefl0aco34akdtpe unique (email)
alter table evaluation add constraint FKlunvqbll02c0wp7fnb6ydcxd7 foreign key (evaluated_id) references user
alter table evaluation add constraint FKtrqokyvat2d5ngqt70acp2edq foreign key (evaluator_id) references user
alter table event add constraint FKfnvc9jgli0tyfktl08q7h5rgd foreign key (creator_id) references user
alter table event_participants add constraint FK6m9wd6frr8aq1bwshfnfbtwve foreign key (participants_id) references user
alter table event_participants add constraint FKkd3clbnwk356hqxf044yo4gcw foreign key (joined_events_id) references event
alter table event_tags add constraint FKomwf0a7b44gjp0k29w9mh2emp foreign key (tags_id) references tags
alter table event_tags add constraint FKmdkd9thunwjxiiyhygdtedaq9 foreign key (events_id) references event
alter table message add constraint FK86f0kc2mt26ifwupnivu6v8oa foreign key (receiver_id) references user
alter table message add constraint FKcnj2qaf5yc36v2f90jw2ipl9b foreign key (sender_id) references user
alter table user_tags add constraint FKs4qq7btmqt4od1ghpeni6cvjp foreign key (tags_id) references tags
alter table user_tags add constraint FK3gqhq8ogc8hnt23y04ej3fuui foreign key (subscribers_id) references user
INSERT INTO USER VALUES(1,'fecha_nac','correo',TRUE,'nombre','String sexo','apellidos','{bcrypt}$2a$10$xLFtBIXGtYvAbRqM95JhcOaG23fHRpDoZIJrsF2cCff9xEHTTdK1u',NULL,'ADMIN','n')
COMMIT
INSERT INTO USER VALUES(2,'fecha_nac 2','correo 2',TRUE,'nombre 2','String sexo 2','apellidos 2','{bcrypt}$2a$10$xLFtBIXGtYvAbRqM95JhcOaG23fHRpDoZIJrsF2cCff9xEHTTdK1u',NULL,'USER','n2')
COMMIT
INSERT INTO USER VALUES(3,'fecha_nac 3','correo 3',TRUE,'nombre 3','String sexo 3','apellidos 3','{bcrypt}$2a$10$xLFtBIXGtYvAbRqM95JhcOaG23fHRpDoZIJrsF2cCff9xEHTTdK1u',NULL,'MOD','n3')
COMMIT
INSERT INTO EVENT VALUES(1,'2020-04-13 15:59:29.817000','Descripcion Evnto 1',TRUE,'El retiro','Nombre Evento 1',NULL,'2020-04-13 15:59:29.817000',NULL)
COMMIT
INSERT INTO EVENT VALUES(2,'2020-04-13 15:59:29.818000','Descripcion Evnto 2',TRUE,'El retiro','Nombre Evento 2',NULL,'2020-04-13 15:59:29.818000',NULL)
COMMIT
INSERT INTO EVENT VALUES(3,'2020-04-13 15:59:29.818000','Descripcion Evnto 3',FALSE,'El retiro','Nombre Evento 3',NULL,'2020-04-13 15:59:29.818000',NULL)
COMMIT
INSERT INTO TAGS VALUES(1,TRUE,'sport')
COMMIT
INSERT INTO EVENT_TAGS VALUES(1,1)
COMMIT
INSERT INTO EVENT_TAGS VALUES(2,1)
COMMIT
INSERT INTO EVENT_TAGS VALUES(3,1)
COMMIT
drop table if exists evaluation CASCADE 
drop table if exists event CASCADE 
drop table if exists event_participants CASCADE 
drop table if exists event_tags CASCADE 
drop table if exists message CASCADE 
drop table if exists tags CASCADE 
drop table if exists user CASCADE 
drop table if exists user_tags CASCADE 
drop sequence hibernate_sequence if exists
DISCONNECT
/*C350*/SET SCHEMA PUBLIC
DISCONNECT
/*C351*/SET SCHEMA PUBLIC
DISCONNECT
/*C352*/SET SCHEMA PUBLIC
DISCONNECT
/*C353*/SET SCHEMA PUBLIC
DISCONNECT
/*C354*/SET SCHEMA PUBLIC
DISCONNECT
/*C355*/SET SCHEMA PUBLIC
DISCONNECT
/*C356*/SET SCHEMA PUBLIC
DISCONNECT
/*C357*/SET SCHEMA PUBLIC
DISCONNECT
/*C358*/SET SCHEMA PUBLIC
DISCONNECT
/*C359*/SET SCHEMA PUBLIC
drop table if exists evaluation CASCADE 
drop table if exists event CASCADE 
drop table if exists event_participants CASCADE 
drop table if exists event_tags CASCADE 
drop table if exists message CASCADE 
drop table if exists tags CASCADE 
drop table if exists user CASCADE 
drop table if exists user_tags CASCADE 
drop sequence hibernate_sequence if exists
create sequence hibernate_sequence start with 1 increment by 1
create table evaluation (id bigint not null, review varchar(255), score double not null, evaluated_id bigint, evaluator_id bigint, primary key (id))
create table event (id bigint generated by default as identity (start with 1), date timestamp, description varchar(255), is_appropriate boolean not null, location varchar(255), name varchar(255), photo varchar(255), publication_date timestamp, creator_id bigint, primary key (id))
create table event_participants (joined_events_id bigint not null, participants_id bigint not null)
create table event_tags (events_id bigint not null, tags_id bigint not null)
create table message (id bigint generated by default as identity (start with 1), contenido varchar(255), estado integer, fecha timestamp, receiver_id bigint, sender_id bigint, primary key (id))
create table tags (id bigint generated by default as identity (start with 1), is_category boolean not null, tag varchar(255), primary key (id))
create table user (id bigint generated by default as identity (start with 1), birth_date varchar(255), email varchar(255), enabled boolean not null, first_name varchar(255), gender varchar(255), last_name varchar(255), password varchar(255) not null, photo varchar(255), user_role varchar(255), username varchar(255) not null, primary key (id))
create table user_tags (subscribers_id bigint not null, tags_id bigint not null)
alter table user add constraint UK_ob8kqyqqgmefl0aco34akdtpe unique (email)
alter table evaluation add constraint FKlunvqbll02c0wp7fnb6ydcxd7 foreign key (evaluated_id) references user
alter table evaluation add constraint FKtrqokyvat2d5ngqt70acp2edq foreign key (evaluator_id) references user
alter table event add constraint FKfnvc9jgli0tyfktl08q7h5rgd foreign key (creator_id) references user
alter table event_participants add constraint FK6m9wd6frr8aq1bwshfnfbtwve foreign key (participants_id) references user
alter table event_participants add constraint FKkd3clbnwk356hqxf044yo4gcw foreign key (joined_events_id) references event
alter table event_tags add constraint FKomwf0a7b44gjp0k29w9mh2emp foreign key (tags_id) references tags
alter table event_tags add constraint FKmdkd9thunwjxiiyhygdtedaq9 foreign key (events_id) references event
alter table message add constraint FK86f0kc2mt26ifwupnivu6v8oa foreign key (receiver_id) references user
alter table message add constraint FKcnj2qaf5yc36v2f90jw2ipl9b foreign key (sender_id) references user
alter table user_tags add constraint FKs4qq7btmqt4od1ghpeni6cvjp foreign key (tags_id) references tags
alter table user_tags add constraint FK3gqhq8ogc8hnt23y04ej3fuui foreign key (subscribers_id) references user
INSERT INTO USER VALUES(1,'fecha_nac','correo',TRUE,'nombre','String sexo','apellidos','{bcrypt}$2a$10$xLFtBIXGtYvAbRqM95JhcOaG23fHRpDoZIJrsF2cCff9xEHTTdK1u',NULL,'ADMIN','n')
COMMIT
INSERT INTO USER VALUES(2,'fecha_nac 2','correo 2',TRUE,'nombre 2','String sexo 2','apellidos 2','{bcrypt}$2a$10$xLFtBIXGtYvAbRqM95JhcOaG23fHRpDoZIJrsF2cCff9xEHTTdK1u',NULL,'USER','n2')
COMMIT
INSERT INTO USER VALUES(3,'fecha_nac 3','correo 3',TRUE,'nombre 3','String sexo 3','apellidos 3','{bcrypt}$2a$10$xLFtBIXGtYvAbRqM95JhcOaG23fHRpDoZIJrsF2cCff9xEHTTdK1u',NULL,'MOD','n3')
COMMIT
INSERT INTO EVENT VALUES(1,'2020-04-13 16:12:47.109000','Descripcion Evnto 1',TRUE,'El retiro','Nombre Evento 1',NULL,'2020-04-13 16:12:47.109000',NULL)
COMMIT
INSERT INTO EVENT VALUES(2,'2020-04-13 16:12:47.110000','Descripcion Evnto 2',TRUE,'El retiro','Nombre Evento 2',NULL,'2020-04-13 16:12:47.110000',NULL)
COMMIT
INSERT INTO EVENT VALUES(3,'2020-04-13 16:12:47.110000','Descripcion Evnto 3',FALSE,'El retiro','Nombre Evento 3',NULL,'2020-04-13 16:12:47.110000',NULL)
COMMIT
INSERT INTO TAGS VALUES(1,TRUE,'sport')
COMMIT
INSERT INTO EVENT_TAGS VALUES(1,1)
COMMIT
INSERT INTO EVENT_TAGS VALUES(2,1)
COMMIT
INSERT INTO EVENT_TAGS VALUES(3,1)
COMMIT
drop table if exists evaluation CASCADE 
drop table if exists event CASCADE 
drop table if exists event_participants CASCADE 
drop table if exists event_tags CASCADE 
drop table if exists message CASCADE 
drop table if exists tags CASCADE 
drop table if exists user CASCADE 
drop table if exists user_tags CASCADE 
drop sequence hibernate_sequence if exists
DISCONNECT
/*C360*/SET SCHEMA PUBLIC
DISCONNECT
/*C361*/SET SCHEMA PUBLIC
DISCONNECT
/*C362*/SET SCHEMA PUBLIC
DISCONNECT
/*C363*/SET SCHEMA PUBLIC
DISCONNECT
/*C364*/SET SCHEMA PUBLIC
DISCONNECT
/*C365*/SET SCHEMA PUBLIC
DISCONNECT
/*C366*/SET SCHEMA PUBLIC
DISCONNECT
/*C367*/SET SCHEMA PUBLIC
DISCONNECT
/*C368*/SET SCHEMA PUBLIC
DISCONNECT
/*C369*/SET SCHEMA PUBLIC
drop table if exists evaluation CASCADE 
drop table if exists event CASCADE 
drop table if exists event_participants CASCADE 
drop table if exists event_tags CASCADE 
drop table if exists message CASCADE 
drop table if exists tags CASCADE 
drop table if exists user CASCADE 
drop table if exists user_tags CASCADE 
drop sequence hibernate_sequence if exists
create sequence hibernate_sequence start with 1 increment by 1
create table evaluation (id bigint not null, review varchar(255), score double not null, evaluated_id bigint, evaluator_id bigint, primary key (id))
create table event (id bigint generated by default as identity (start with 1), date timestamp, description varchar(255), is_appropriate boolean not null, location varchar(255), name varchar(255), photo varchar(255), publication_date timestamp, creator_id bigint, primary key (id))
create table event_participants (joined_events_id bigint not null, participants_id bigint not null)
create table event_tags (events_id bigint not null, tags_id bigint not null)
create table message (id bigint generated by default as identity (start with 1), contenido varchar(255), estado integer, fecha timestamp, receiver_id bigint, sender_id bigint, primary key (id))
create table tags (id bigint generated by default as identity (start with 1), is_category boolean not null, tag varchar(255), primary key (id))
create table user (id bigint generated by default as identity (start with 1), birth_date varchar(255), email varchar(255), enabled boolean not null, first_name varchar(255), gender varchar(255), last_name varchar(255), password varchar(255) not null, photo varchar(255), user_role varchar(255), username varchar(255) not null, primary key (id))
create table user_tags (subscribers_id bigint not null, tags_id bigint not null)
alter table user add constraint UK_ob8kqyqqgmefl0aco34akdtpe unique (email)
alter table evaluation add constraint FKlunvqbll02c0wp7fnb6ydcxd7 foreign key (evaluated_id) references user
alter table evaluation add constraint FKtrqokyvat2d5ngqt70acp2edq foreign key (evaluator_id) references user
alter table event add constraint FKfnvc9jgli0tyfktl08q7h5rgd foreign key (creator_id) references user
alter table event_participants add constraint FK6m9wd6frr8aq1bwshfnfbtwve foreign key (participants_id) references user
alter table event_participants add constraint FKkd3clbnwk356hqxf044yo4gcw foreign key (joined_events_id) references event
alter table event_tags add constraint FKomwf0a7b44gjp0k29w9mh2emp foreign key (tags_id) references tags
alter table event_tags add constraint FKmdkd9thunwjxiiyhygdtedaq9 foreign key (events_id) references event
alter table message add constraint FK86f0kc2mt26ifwupnivu6v8oa foreign key (receiver_id) references user
alter table message add constraint FKcnj2qaf5yc36v2f90jw2ipl9b foreign key (sender_id) references user
alter table user_tags add constraint FKs4qq7btmqt4od1ghpeni6cvjp foreign key (tags_id) references tags
alter table user_tags add constraint FK3gqhq8ogc8hnt23y04ej3fuui foreign key (subscribers_id) references user
INSERT INTO USER VALUES(1,'fecha_nac','correo',TRUE,'nombre','String sexo','apellidos','{bcrypt}$2a$10$xLFtBIXGtYvAbRqM95JhcOaG23fHRpDoZIJrsF2cCff9xEHTTdK1u',NULL,'ADMIN','n')
COMMIT
INSERT INTO USER VALUES(2,'fecha_nac 2','correo 2',TRUE,'nombre 2','String sexo 2','apellidos 2','{bcrypt}$2a$10$xLFtBIXGtYvAbRqM95JhcOaG23fHRpDoZIJrsF2cCff9xEHTTdK1u',NULL,'USER','n2')
COMMIT
INSERT INTO USER VALUES(3,'fecha_nac 3','correo 3',TRUE,'nombre 3','String sexo 3','apellidos 3','{bcrypt}$2a$10$xLFtBIXGtYvAbRqM95JhcOaG23fHRpDoZIJrsF2cCff9xEHTTdK1u',NULL,'MOD','n3')
COMMIT
INSERT INTO EVENT VALUES(1,'2020-04-13 16:15:33.028000','Descripcion Evnto 1',TRUE,'El retiro','Nombre Evento 1',NULL,'2020-04-13 16:15:33.028000',NULL)
COMMIT
INSERT INTO EVENT VALUES(2,'2020-04-13 16:15:33.029000','Descripcion Evnto 2',TRUE,'El retiro','Nombre Evento 2',NULL,'2020-04-13 16:15:33.029000',NULL)
COMMIT
INSERT INTO EVENT VALUES(3,'2020-04-13 16:15:33.030000','Descripcion Evnto 3',FALSE,'El retiro','Nombre Evento 3',NULL,'2020-04-13 16:15:33.030000',NULL)
COMMIT
INSERT INTO TAGS VALUES(1,TRUE,'sport')
COMMIT
INSERT INTO EVENT_TAGS VALUES(1,1)
COMMIT
INSERT INTO EVENT_TAGS VALUES(2,1)
COMMIT
INSERT INTO EVENT_TAGS VALUES(3,1)
COMMIT
drop table if exists evaluation CASCADE 
drop table if exists event CASCADE 
drop table if exists event_participants CASCADE 
drop table if exists event_tags CASCADE 
drop table if exists message CASCADE 
drop table if exists tags CASCADE 
drop table if exists user CASCADE 
drop table if exists user_tags CASCADE 
drop sequence hibernate_sequence if exists
DISCONNECT
/*C370*/SET SCHEMA PUBLIC
DISCONNECT
/*C371*/SET SCHEMA PUBLIC
DISCONNECT
/*C372*/SET SCHEMA PUBLIC
DISCONNECT
/*C373*/SET SCHEMA PUBLIC
DISCONNECT
/*C374*/SET SCHEMA PUBLIC
DISCONNECT
/*C375*/SET SCHEMA PUBLIC
DISCONNECT
/*C376*/SET SCHEMA PUBLIC
DISCONNECT
/*C377*/SET SCHEMA PUBLIC
DISCONNECT
/*C378*/SET SCHEMA PUBLIC
DISCONNECT
/*C379*/SET SCHEMA PUBLIC
drop table if exists evaluation CASCADE 
drop table if exists event CASCADE 
drop table if exists event_participants CASCADE 
drop table if exists event_tags CASCADE 
drop table if exists message CASCADE 
drop table if exists tags CASCADE 
drop table if exists user CASCADE 
drop table if exists user_tags CASCADE 
drop sequence hibernate_sequence if exists
create sequence hibernate_sequence start with 1 increment by 1
create table evaluation (id bigint not null, review varchar(255), score double not null, evaluated_id bigint, evaluator_id bigint, primary key (id))
create table event (id bigint generated by default as identity (start with 1), date timestamp, description varchar(255), is_appropriate boolean not null, location varchar(255), name varchar(255), photo varchar(255), publication_date timestamp, creator_id bigint, primary key (id))
create table event_participants (joined_events_id bigint not null, participants_id bigint not null)
create table event_tags (events_id bigint not null, tags_id bigint not null)
create table message (id bigint generated by default as identity (start with 1), contenido varchar(255), estado integer, fecha timestamp, receiver_id bigint, sender_id bigint, primary key (id))
create table tags (id bigint generated by default as identity (start with 1), is_category boolean not null, tag varchar(255), primary key (id))
create table user (id bigint generated by default as identity (start with 1), birth_date varchar(255), email varchar(255), enabled boolean not null, first_name varchar(255), gender varchar(255), last_name varchar(255), password varchar(255) not null, photo varchar(255), user_role varchar(255), username varchar(255) not null, primary key (id))
create table user_tags (subscribers_id bigint not null, tags_id bigint not null)
alter table user add constraint UK_ob8kqyqqgmefl0aco34akdtpe unique (email)
alter table evaluation add constraint FKlunvqbll02c0wp7fnb6ydcxd7 foreign key (evaluated_id) references user
alter table evaluation add constraint FKtrqokyvat2d5ngqt70acp2edq foreign key (evaluator_id) references user
alter table event add constraint FKfnvc9jgli0tyfktl08q7h5rgd foreign key (creator_id) references user
alter table event_participants add constraint FK6m9wd6frr8aq1bwshfnfbtwve foreign key (participants_id) references user
alter table event_participants add constraint FKkd3clbnwk356hqxf044yo4gcw foreign key (joined_events_id) references event
alter table event_tags add constraint FKomwf0a7b44gjp0k29w9mh2emp foreign key (tags_id) references tags
alter table event_tags add constraint FKmdkd9thunwjxiiyhygdtedaq9 foreign key (events_id) references event
alter table message add constraint FK86f0kc2mt26ifwupnivu6v8oa foreign key (receiver_id) references user
alter table message add constraint FKcnj2qaf5yc36v2f90jw2ipl9b foreign key (sender_id) references user
alter table user_tags add constraint FKs4qq7btmqt4od1ghpeni6cvjp foreign key (tags_id) references tags
alter table user_tags add constraint FK3gqhq8ogc8hnt23y04ej3fuui foreign key (subscribers_id) references user
INSERT INTO USER VALUES(1,'fecha_nac','correo',TRUE,'nombre','String sexo','apellidos','{bcrypt}$2a$10$xLFtBIXGtYvAbRqM95JhcOaG23fHRpDoZIJrsF2cCff9xEHTTdK1u',NULL,'ADMIN','n')
COMMIT
INSERT INTO USER VALUES(2,'fecha_nac 2','correo 2',TRUE,'nombre 2','String sexo 2','apellidos 2','{bcrypt}$2a$10$xLFtBIXGtYvAbRqM95JhcOaG23fHRpDoZIJrsF2cCff9xEHTTdK1u',NULL,'USER','n2')
COMMIT
INSERT INTO USER VALUES(3,'fecha_nac 3','correo 3',TRUE,'nombre 3','String sexo 3','apellidos 3','{bcrypt}$2a$10$xLFtBIXGtYvAbRqM95JhcOaG23fHRpDoZIJrsF2cCff9xEHTTdK1u',NULL,'MOD','n3')
COMMIT
INSERT INTO EVENT VALUES(1,'2020-04-13 16:18:24.497000','Descripcion Evnto 1',TRUE,'El retiro','Nombre Evento 1',NULL,'2020-04-13 16:18:24.497000',NULL)
COMMIT
INSERT INTO EVENT VALUES(2,'2020-04-13 16:18:24.498000','Descripcion Evnto 2',TRUE,'El retiro','Nombre Evento 2',NULL,'2020-04-13 16:18:24.498000',NULL)
COMMIT
INSERT INTO EVENT VALUES(3,'2020-04-13 16:18:24.498000','Descripcion Evnto 3',FALSE,'El retiro','Nombre Evento 3',NULL,'2020-04-13 16:18:24.498000',NULL)
COMMIT
INSERT INTO TAGS VALUES(1,TRUE,'sport')
COMMIT
INSERT INTO EVENT_TAGS VALUES(1,1)
COMMIT
INSERT INTO EVENT_TAGS VALUES(2,1)
COMMIT
INSERT INTO EVENT_TAGS VALUES(3,1)
COMMIT
drop table if exists evaluation CASCADE 
drop table if exists event CASCADE 
drop table if exists event_participants CASCADE 
drop table if exists event_tags CASCADE 
drop table if exists message CASCADE 
drop table if exists tags CASCADE 
drop table if exists user CASCADE 
drop table if exists user_tags CASCADE 
drop sequence hibernate_sequence if exists
DISCONNECT
/*C380*/SET SCHEMA PUBLIC
DISCONNECT
/*C381*/SET SCHEMA PUBLIC
DISCONNECT
/*C382*/SET SCHEMA PUBLIC
DISCONNECT
/*C383*/SET SCHEMA PUBLIC
DISCONNECT
/*C384*/SET SCHEMA PUBLIC
DISCONNECT
/*C385*/SET SCHEMA PUBLIC
DISCONNECT
/*C386*/SET SCHEMA PUBLIC
DISCONNECT
/*C387*/SET SCHEMA PUBLIC
DISCONNECT
/*C388*/SET SCHEMA PUBLIC
DISCONNECT
/*C389*/SET SCHEMA PUBLIC
drop table if exists evaluation CASCADE 
drop table if exists event CASCADE 
drop table if exists event_participants CASCADE 
drop table if exists event_tags CASCADE 
drop table if exists message CASCADE 
drop table if exists tags CASCADE 
drop table if exists user CASCADE 
drop table if exists user_tags CASCADE 
drop sequence hibernate_sequence if exists
create sequence hibernate_sequence start with 1 increment by 1
create table evaluation (id bigint not null, review varchar(255), score double not null, evaluated_id bigint, evaluator_id bigint, primary key (id))
create table event (id bigint generated by default as identity (start with 1), date timestamp, description varchar(255), is_appropriate boolean not null, location varchar(255), name varchar(255), photo varchar(255), publication_date timestamp, creator_id bigint, primary key (id))
create table event_participants (joined_events_id bigint not null, participants_id bigint not null)
create table event_tags (events_id bigint not null, tags_id bigint not null)
create table message (id bigint generated by default as identity (start with 1), contenido varchar(255), estado integer, fecha timestamp, receiver_id bigint, sender_id bigint, primary key (id))
create table tags (id bigint generated by default as identity (start with 1), is_category boolean not null, tag varchar(255), primary key (id))
create table user (id bigint generated by default as identity (start with 1), birth_date varchar(255), email varchar(255), enabled boolean not null, first_name varchar(255), gender varchar(255), last_name varchar(255), password varchar(255) not null, photo varchar(255), user_role varchar(255), username varchar(255) not null, primary key (id))
create table user_tags (subscribers_id bigint not null, tags_id bigint not null)
alter table user add constraint UK_ob8kqyqqgmefl0aco34akdtpe unique (email)
alter table evaluation add constraint FKlunvqbll02c0wp7fnb6ydcxd7 foreign key (evaluated_id) references user
alter table evaluation add constraint FKtrqokyvat2d5ngqt70acp2edq foreign key (evaluator_id) references user
alter table event add constraint FKfnvc9jgli0tyfktl08q7h5rgd foreign key (creator_id) references user
alter table event_participants add constraint FK6m9wd6frr8aq1bwshfnfbtwve foreign key (participants_id) references user
alter table event_participants add constraint FKkd3clbnwk356hqxf044yo4gcw foreign key (joined_events_id) references event
alter table event_tags add constraint FKomwf0a7b44gjp0k29w9mh2emp foreign key (tags_id) references tags
alter table event_tags add constraint FKmdkd9thunwjxiiyhygdtedaq9 foreign key (events_id) references event
alter table message add constraint FK86f0kc2mt26ifwupnivu6v8oa foreign key (receiver_id) references user
alter table message add constraint FKcnj2qaf5yc36v2f90jw2ipl9b foreign key (sender_id) references user
alter table user_tags add constraint FKs4qq7btmqt4od1ghpeni6cvjp foreign key (tags_id) references tags
alter table user_tags add constraint FK3gqhq8ogc8hnt23y04ej3fuui foreign key (subscribers_id) references user
INSERT INTO USER VALUES(1,'fecha_nac','correo',TRUE,'nombre','String sexo','apellidos','{bcrypt}$2a$10$xLFtBIXGtYvAbRqM95JhcOaG23fHRpDoZIJrsF2cCff9xEHTTdK1u',NULL,'ADMIN','n')
COMMIT
INSERT INTO USER VALUES(2,'fecha_nac 2','correo 2',TRUE,'nombre 2','String sexo 2','apellidos 2','{bcrypt}$2a$10$xLFtBIXGtYvAbRqM95JhcOaG23fHRpDoZIJrsF2cCff9xEHTTdK1u',NULL,'USER','n2')
COMMIT
INSERT INTO USER VALUES(3,'fecha_nac 3','correo 3',TRUE,'nombre 3','String sexo 3','apellidos 3','{bcrypt}$2a$10$xLFtBIXGtYvAbRqM95JhcOaG23fHRpDoZIJrsF2cCff9xEHTTdK1u',NULL,'MOD','n3')
COMMIT
INSERT INTO EVENT VALUES(1,'2020-04-13 16:19:02.862000','Descripcion Evnto 1',TRUE,'El retiro','Nombre Evento 1',NULL,'2020-04-13 16:19:02.862000',NULL)
COMMIT
INSERT INTO EVENT VALUES(2,'2020-04-13 16:19:02.862000','Descripcion Evnto 2',TRUE,'El retiro','Nombre Evento 2',NULL,'2020-04-13 16:19:02.862000',NULL)
COMMIT
INSERT INTO EVENT VALUES(3,'2020-04-13 16:19:02.863000','Descripcion Evnto 3',FALSE,'El retiro','Nombre Evento 3',NULL,'2020-04-13 16:19:02.863000',NULL)
COMMIT
INSERT INTO TAGS VALUES(1,TRUE,'sport')
COMMIT
INSERT INTO EVENT_TAGS VALUES(1,1)
COMMIT
INSERT INTO EVENT_TAGS VALUES(2,1)
COMMIT
INSERT INTO EVENT_TAGS VALUES(3,1)
COMMIT
drop table if exists evaluation CASCADE 
drop table if exists event CASCADE 
drop table if exists event_participants CASCADE 
drop table if exists event_tags CASCADE 
drop table if exists message CASCADE 
drop table if exists tags CASCADE 
drop table if exists user CASCADE 
drop table if exists user_tags CASCADE 
drop sequence hibernate_sequence if exists
DISCONNECT
/*C390*/SET SCHEMA PUBLIC
DISCONNECT
/*C391*/SET SCHEMA PUBLIC
DISCONNECT
/*C392*/SET SCHEMA PUBLIC
DISCONNECT
/*C393*/SET SCHEMA PUBLIC
DISCONNECT
/*C394*/SET SCHEMA PUBLIC
DISCONNECT
/*C395*/SET SCHEMA PUBLIC
DISCONNECT
/*C396*/SET SCHEMA PUBLIC
DISCONNECT
/*C397*/SET SCHEMA PUBLIC
DISCONNECT
/*C398*/SET SCHEMA PUBLIC
DISCONNECT
/*C399*/SET SCHEMA PUBLIC
drop table if exists evaluation CASCADE 
drop table if exists event CASCADE 
drop table if exists event_participants CASCADE 
drop table if exists event_tags CASCADE 
drop table if exists message CASCADE 
drop table if exists tags CASCADE 
drop table if exists user CASCADE 
drop table if exists user_tags CASCADE 
drop sequence hibernate_sequence if exists
create sequence hibernate_sequence start with 1 increment by 1
create table evaluation (id bigint not null, review varchar(255), score double not null, evaluated_id bigint, evaluator_id bigint, primary key (id))
create table event (id bigint generated by default as identity (start with 1), date timestamp, description varchar(255), is_appropriate boolean not null, location varchar(255), name varchar(255), photo varchar(255), publication_date timestamp, creator_id bigint, primary key (id))
create table event_participants (joined_events_id bigint not null, participants_id bigint not null)
create table event_tags (events_id bigint not null, tags_id bigint not null)
create table message (id bigint generated by default as identity (start with 1), contenido varchar(255), estado integer, fecha timestamp, receiver_id bigint, sender_id bigint, primary key (id))
create table tags (id bigint generated by default as identity (start with 1), is_category boolean not null, tag varchar(255), primary key (id))
create table user (id bigint generated by default as identity (start with 1), birth_date varchar(255), email varchar(255), enabled boolean not null, first_name varchar(255), gender varchar(255), last_name varchar(255), password varchar(255) not null, photo varchar(255), user_role varchar(255), username varchar(255) not null, primary key (id))
create table user_tags (subscribers_id bigint not null, tags_id bigint not null)
alter table user add constraint UK_ob8kqyqqgmefl0aco34akdtpe unique (email)
alter table evaluation add constraint FKlunvqbll02c0wp7fnb6ydcxd7 foreign key (evaluated_id) references user
alter table evaluation add constraint FKtrqokyvat2d5ngqt70acp2edq foreign key (evaluator_id) references user
alter table event add constraint FKfnvc9jgli0tyfktl08q7h5rgd foreign key (creator_id) references user
alter table event_participants add constraint FK6m9wd6frr8aq1bwshfnfbtwve foreign key (participants_id) references user
alter table event_participants add constraint FKkd3clbnwk356hqxf044yo4gcw foreign key (joined_events_id) references event
alter table event_tags add constraint FKomwf0a7b44gjp0k29w9mh2emp foreign key (tags_id) references tags
alter table event_tags add constraint FKmdkd9thunwjxiiyhygdtedaq9 foreign key (events_id) references event
alter table message add constraint FK86f0kc2mt26ifwupnivu6v8oa foreign key (receiver_id) references user
alter table message add constraint FKcnj2qaf5yc36v2f90jw2ipl9b foreign key (sender_id) references user
alter table user_tags add constraint FKs4qq7btmqt4od1ghpeni6cvjp foreign key (tags_id) references tags
alter table user_tags add constraint FK3gqhq8ogc8hnt23y04ej3fuui foreign key (subscribers_id) references user
INSERT INTO USER VALUES(1,'fecha_nac','correo',TRUE,'nombre','String sexo','apellidos','{bcrypt}$2a$10$xLFtBIXGtYvAbRqM95JhcOaG23fHRpDoZIJrsF2cCff9xEHTTdK1u',NULL,'ADMIN','n')
COMMIT
INSERT INTO USER VALUES(2,'fecha_nac 2','correo 2',TRUE,'nombre 2','String sexo 2','apellidos 2','{bcrypt}$2a$10$xLFtBIXGtYvAbRqM95JhcOaG23fHRpDoZIJrsF2cCff9xEHTTdK1u',NULL,'USER','n2')
COMMIT
INSERT INTO USER VALUES(3,'fecha_nac 3','correo 3',TRUE,'nombre 3','String sexo 3','apellidos 3','{bcrypt}$2a$10$xLFtBIXGtYvAbRqM95JhcOaG23fHRpDoZIJrsF2cCff9xEHTTdK1u',NULL,'MOD','n3')
COMMIT
INSERT INTO EVENT VALUES(1,'2020-04-13 16:22:13.856000','Descripcion Evnto 1',TRUE,'El retiro','Nombre Evento 1',NULL,'2020-04-13 16:22:13.856000',NULL)
COMMIT
INSERT INTO EVENT VALUES(2,'2020-04-13 16:22:13.857000','Descripcion Evnto 2',TRUE,'El retiro','Nombre Evento 2',NULL,'2020-04-13 16:22:13.857000',NULL)
COMMIT
INSERT INTO EVENT VALUES(3,'2020-04-13 16:22:13.857000','Descripcion Evnto 3',FALSE,'El retiro','Nombre Evento 3',NULL,'2020-04-13 16:22:13.857000',NULL)
COMMIT
INSERT INTO TAGS VALUES(1,TRUE,'sport')
COMMIT
INSERT INTO EVENT_TAGS VALUES(1,1)
COMMIT
INSERT INTO EVENT_TAGS VALUES(2,1)
COMMIT
INSERT INTO EVENT_TAGS VALUES(3,1)
COMMIT
drop table if exists evaluation CASCADE 
drop table if exists event CASCADE 
drop table if exists event_participants CASCADE 
drop table if exists event_tags CASCADE 
drop table if exists message CASCADE 
drop table if exists tags CASCADE 
drop table if exists user CASCADE 
drop table if exists user_tags CASCADE 
drop sequence hibernate_sequence if exists
DISCONNECT
/*C400*/SET SCHEMA PUBLIC
DISCONNECT
/*C401*/SET SCHEMA PUBLIC
DISCONNECT
/*C402*/SET SCHEMA PUBLIC
DISCONNECT
/*C403*/SET SCHEMA PUBLIC
DISCONNECT
/*C404*/SET SCHEMA PUBLIC
DISCONNECT
/*C405*/SET SCHEMA PUBLIC
DISCONNECT
/*C406*/SET SCHEMA PUBLIC
DISCONNECT
/*C407*/SET SCHEMA PUBLIC
DISCONNECT
/*C408*/SET SCHEMA PUBLIC
DISCONNECT
/*C409*/SET SCHEMA PUBLIC
drop table if exists evaluation CASCADE 
drop table if exists event CASCADE 
drop table if exists event_participants CASCADE 
drop table if exists event_tags CASCADE 
drop table if exists message CASCADE 
drop table if exists tags CASCADE 
drop table if exists user CASCADE 
drop table if exists user_tags CASCADE 
drop sequence hibernate_sequence if exists
create sequence hibernate_sequence start with 1 increment by 1
create table evaluation (id bigint not null, review varchar(255), score double not null, evaluated_id bigint, evaluator_id bigint, primary key (id))
create table event (id bigint generated by default as identity (start with 1), date timestamp, description varchar(255), is_appropriate boolean not null, location varchar(255), name varchar(255), photo varchar(255), publication_date timestamp, creator_id bigint, primary key (id))
create table event_participants (joined_events_id bigint not null, participants_id bigint not null)
create table event_tags (events_id bigint not null, tags_id bigint not null)
create table message (id bigint generated by default as identity (start with 1), contenido varchar(255), estado integer, fecha timestamp, receiver_id bigint, sender_id bigint, primary key (id))
create table tags (id bigint generated by default as identity (start with 1), is_category boolean not null, tag varchar(255), primary key (id))
create table user (id bigint generated by default as identity (start with 1), birth_date varchar(255), email varchar(255), enabled boolean not null, first_name varchar(255), gender varchar(255), last_name varchar(255), password varchar(255) not null, photo varchar(255), user_role varchar(255), username varchar(255) not null, primary key (id))
create table user_tags (subscribers_id bigint not null, tags_id bigint not null)
alter table user add constraint UK_ob8kqyqqgmefl0aco34akdtpe unique (email)
alter table evaluation add constraint FKlunvqbll02c0wp7fnb6ydcxd7 foreign key (evaluated_id) references user
alter table evaluation add constraint FKtrqokyvat2d5ngqt70acp2edq foreign key (evaluator_id) references user
alter table event add constraint FKfnvc9jgli0tyfktl08q7h5rgd foreign key (creator_id) references user
alter table event_participants add constraint FK6m9wd6frr8aq1bwshfnfbtwve foreign key (participants_id) references user
alter table event_participants add constraint FKkd3clbnwk356hqxf044yo4gcw foreign key (joined_events_id) references event
alter table event_tags add constraint FKomwf0a7b44gjp0k29w9mh2emp foreign key (tags_id) references tags
alter table event_tags add constraint FKmdkd9thunwjxiiyhygdtedaq9 foreign key (events_id) references event
alter table message add constraint FK86f0kc2mt26ifwupnivu6v8oa foreign key (receiver_id) references user
alter table message add constraint FKcnj2qaf5yc36v2f90jw2ipl9b foreign key (sender_id) references user
alter table user_tags add constraint FKs4qq7btmqt4od1ghpeni6cvjp foreign key (tags_id) references tags
alter table user_tags add constraint FK3gqhq8ogc8hnt23y04ej3fuui foreign key (subscribers_id) references user
INSERT INTO USER VALUES(1,'fecha_nac','correo',TRUE,'nombre','String sexo','apellidos','{bcrypt}$2a$10$xLFtBIXGtYvAbRqM95JhcOaG23fHRpDoZIJrsF2cCff9xEHTTdK1u',NULL,'ADMIN','n')
COMMIT
INSERT INTO USER VALUES(2,'fecha_nac 2','correo 2',TRUE,'nombre 2','String sexo 2','apellidos 2','{bcrypt}$2a$10$xLFtBIXGtYvAbRqM95JhcOaG23fHRpDoZIJrsF2cCff9xEHTTdK1u',NULL,'USER','n2')
COMMIT
INSERT INTO USER VALUES(3,'fecha_nac 3','correo 3',TRUE,'nombre 3','String sexo 3','apellidos 3','{bcrypt}$2a$10$xLFtBIXGtYvAbRqM95JhcOaG23fHRpDoZIJrsF2cCff9xEHTTdK1u',NULL,'MOD','n3')
COMMIT
INSERT INTO EVENT VALUES(1,'2020-04-13 16:24:09.477000','Descripcion Evnto 1',TRUE,'El retiro','Nombre Evento 1',NULL,'2020-04-13 16:24:09.477000',NULL)
COMMIT
INSERT INTO EVENT VALUES(2,'2020-04-13 16:24:09.478000','Descripcion Evnto 2',TRUE,'El retiro','Nombre Evento 2',NULL,'2020-04-13 16:24:09.478000',NULL)
COMMIT
INSERT INTO EVENT VALUES(3,'2020-04-13 16:24:09.478000','Descripcion Evnto 3',FALSE,'El retiro','Nombre Evento 3',NULL,'2020-04-13 16:24:09.478000',NULL)
COMMIT
INSERT INTO TAGS VALUES(1,TRUE,'sport')
COMMIT
INSERT INTO EVENT_TAGS VALUES(1,1)
COMMIT
INSERT INTO EVENT_TAGS VALUES(2,1)
COMMIT
INSERT INTO EVENT_TAGS VALUES(3,1)
COMMIT
drop table if exists evaluation CASCADE 
drop table if exists event CASCADE 
drop table if exists event_participants CASCADE 
drop table if exists event_tags CASCADE 
drop table if exists message CASCADE 
drop table if exists tags CASCADE 
drop table if exists user CASCADE 
drop table if exists user_tags CASCADE 
drop sequence hibernate_sequence if exists
DISCONNECT
/*C410*/SET SCHEMA PUBLIC
DISCONNECT
/*C411*/SET SCHEMA PUBLIC
DISCONNECT
/*C412*/SET SCHEMA PUBLIC
DISCONNECT
/*C413*/SET SCHEMA PUBLIC
DISCONNECT
/*C414*/SET SCHEMA PUBLIC
DISCONNECT
/*C415*/SET SCHEMA PUBLIC
DISCONNECT
/*C416*/SET SCHEMA PUBLIC
DISCONNECT
/*C417*/SET SCHEMA PUBLIC
DISCONNECT
/*C418*/SET SCHEMA PUBLIC
DISCONNECT
/*C419*/SET SCHEMA PUBLIC
drop table if exists evaluation CASCADE 
drop table if exists event CASCADE 
drop table if exists event_participants CASCADE 
drop table if exists event_tags CASCADE 
drop table if exists message CASCADE 
drop table if exists tags CASCADE 
drop table if exists user CASCADE 
drop table if exists user_tags CASCADE 
drop sequence hibernate_sequence if exists
create sequence hibernate_sequence start with 1 increment by 1
create table evaluation (id bigint not null, review varchar(255), score double not null, evaluated_id bigint, evaluator_id bigint, primary key (id))
create table event (id bigint generated by default as identity (start with 1), date timestamp, description varchar(255), is_appropriate boolean not null, location varchar(255), name varchar(255), photo varchar(255), publication_date timestamp, creator_id bigint, primary key (id))
create table event_participants (joined_events_id bigint not null, participants_id bigint not null)
create table event_tags (events_id bigint not null, tags_id bigint not null)
create table message (id bigint generated by default as identity (start with 1), contenido varchar(255), estado integer, fecha timestamp, receiver_id bigint, sender_id bigint, primary key (id))
create table tags (id bigint generated by default as identity (start with 1), is_category boolean not null, tag varchar(255), primary key (id))
create table user (id bigint generated by default as identity (start with 1), birth_date varchar(255), email varchar(255), enabled boolean not null, first_name varchar(255), gender varchar(255), last_name varchar(255), password varchar(255) not null, photo varchar(255), user_role varchar(255), username varchar(255) not null, primary key (id))
create table user_tags (subscribers_id bigint not null, tags_id bigint not null)
alter table user add constraint UK_ob8kqyqqgmefl0aco34akdtpe unique (email)
alter table evaluation add constraint FKlunvqbll02c0wp7fnb6ydcxd7 foreign key (evaluated_id) references user
alter table evaluation add constraint FKtrqokyvat2d5ngqt70acp2edq foreign key (evaluator_id) references user
alter table event add constraint FKfnvc9jgli0tyfktl08q7h5rgd foreign key (creator_id) references user
alter table event_participants add constraint FK6m9wd6frr8aq1bwshfnfbtwve foreign key (participants_id) references user
alter table event_participants add constraint FKkd3clbnwk356hqxf044yo4gcw foreign key (joined_events_id) references event
alter table event_tags add constraint FKomwf0a7b44gjp0k29w9mh2emp foreign key (tags_id) references tags
alter table event_tags add constraint FKmdkd9thunwjxiiyhygdtedaq9 foreign key (events_id) references event
alter table message add constraint FK86f0kc2mt26ifwupnivu6v8oa foreign key (receiver_id) references user
alter table message add constraint FKcnj2qaf5yc36v2f90jw2ipl9b foreign key (sender_id) references user
alter table user_tags add constraint FKs4qq7btmqt4od1ghpeni6cvjp foreign key (tags_id) references tags
alter table user_tags add constraint FK3gqhq8ogc8hnt23y04ej3fuui foreign key (subscribers_id) references user
INSERT INTO USER VALUES(1,'fecha_nac','correo',TRUE,'nombre','String sexo','apellidos','{bcrypt}$2a$10$xLFtBIXGtYvAbRqM95JhcOaG23fHRpDoZIJrsF2cCff9xEHTTdK1u',NULL,'ADMIN','n')
COMMIT
INSERT INTO USER VALUES(2,'fecha_nac 2','correo 2',TRUE,'nombre 2','String sexo 2','apellidos 2','{bcrypt}$2a$10$xLFtBIXGtYvAbRqM95JhcOaG23fHRpDoZIJrsF2cCff9xEHTTdK1u',NULL,'USER','n2')
COMMIT
INSERT INTO USER VALUES(3,'fecha_nac 3','correo 3',TRUE,'nombre 3','String sexo 3','apellidos 3','{bcrypt}$2a$10$xLFtBIXGtYvAbRqM95JhcOaG23fHRpDoZIJrsF2cCff9xEHTTdK1u',NULL,'MOD','n3')
COMMIT
INSERT INTO EVENT VALUES(1,'2020-04-13 16:24:50.805000','Descripcion Evnto 1',TRUE,'El retiro','Nombre Evento 1',NULL,'2020-04-13 16:24:50.805000',NULL)
COMMIT
INSERT INTO EVENT VALUES(2,'2020-04-13 16:24:50.805000','Descripcion Evnto 2',TRUE,'El retiro','Nombre Evento 2',NULL,'2020-04-13 16:24:50.805000',NULL)
COMMIT
INSERT INTO EVENT VALUES(3,'2020-04-13 16:24:50.805000','Descripcion Evnto 3',FALSE,'El retiro','Nombre Evento 3',NULL,'2020-04-13 16:24:50.805000',NULL)
COMMIT
INSERT INTO TAGS VALUES(1,TRUE,'sport')
COMMIT
INSERT INTO EVENT_TAGS VALUES(1,1)
COMMIT
INSERT INTO EVENT_TAGS VALUES(2,1)
COMMIT
INSERT INTO EVENT_TAGS VALUES(3,1)
COMMIT
drop table if exists evaluation CASCADE 
drop table if exists event CASCADE 
drop table if exists event_participants CASCADE 
drop table if exists event_tags CASCADE 
drop table if exists message CASCADE 
drop table if exists tags CASCADE 
drop table if exists user CASCADE 
drop table if exists user_tags CASCADE 
drop sequence hibernate_sequence if exists
DISCONNECT
/*C420*/SET SCHEMA PUBLIC
DISCONNECT
/*C421*/SET SCHEMA PUBLIC
DISCONNECT
/*C422*/SET SCHEMA PUBLIC
DISCONNECT
/*C423*/SET SCHEMA PUBLIC
DISCONNECT
/*C424*/SET SCHEMA PUBLIC
DISCONNECT
/*C425*/SET SCHEMA PUBLIC
DISCONNECT
/*C426*/SET SCHEMA PUBLIC
DISCONNECT
/*C427*/SET SCHEMA PUBLIC
DISCONNECT
/*C428*/SET SCHEMA PUBLIC
DISCONNECT
/*C429*/SET SCHEMA PUBLIC
drop table if exists evaluation CASCADE 
drop table if exists event CASCADE 
drop table if exists event_participants CASCADE 
drop table if exists event_tags CASCADE 
drop table if exists message CASCADE 
drop table if exists tags CASCADE 
drop table if exists user CASCADE 
drop table if exists user_tags CASCADE 
drop sequence hibernate_sequence if exists
create sequence hibernate_sequence start with 1 increment by 1
create table evaluation (id bigint not null, review varchar(255), score double not null, evaluated_id bigint, evaluator_id bigint, primary key (id))
create table event (id bigint generated by default as identity (start with 1), date timestamp, description varchar(255), is_appropriate boolean not null, location varchar(255), name varchar(255), photo varchar(255), publication_date timestamp, creator_id bigint, primary key (id))
create table event_participants (joined_events_id bigint not null, participants_id bigint not null)
create table event_tags (events_id bigint not null, tags_id bigint not null)
create table message (id bigint generated by default as identity (start with 1), contenido varchar(255), estado integer, fecha timestamp, receiver_id bigint, sender_id bigint, primary key (id))
create table tags (id bigint generated by default as identity (start with 1), is_category boolean not null, tag varchar(255), primary key (id))
create table user (id bigint generated by default as identity (start with 1), birth_date varchar(255), email varchar(255), enabled boolean not null, first_name varchar(255), gender varchar(255), last_name varchar(255), password varchar(255) not null, photo varchar(255), user_role varchar(255), username varchar(255) not null, primary key (id))
create table user_tags (subscribers_id bigint not null, tags_id bigint not null)
alter table user add constraint UK_ob8kqyqqgmefl0aco34akdtpe unique (email)
alter table evaluation add constraint FKlunvqbll02c0wp7fnb6ydcxd7 foreign key (evaluated_id) references user
alter table evaluation add constraint FKtrqokyvat2d5ngqt70acp2edq foreign key (evaluator_id) references user
alter table event add constraint FKfnvc9jgli0tyfktl08q7h5rgd foreign key (creator_id) references user
alter table event_participants add constraint FK6m9wd6frr8aq1bwshfnfbtwve foreign key (participants_id) references user
alter table event_participants add constraint FKkd3clbnwk356hqxf044yo4gcw foreign key (joined_events_id) references event
alter table event_tags add constraint FKomwf0a7b44gjp0k29w9mh2emp foreign key (tags_id) references tags
alter table event_tags add constraint FKmdkd9thunwjxiiyhygdtedaq9 foreign key (events_id) references event
alter table message add constraint FK86f0kc2mt26ifwupnivu6v8oa foreign key (receiver_id) references user
alter table message add constraint FKcnj2qaf5yc36v2f90jw2ipl9b foreign key (sender_id) references user
alter table user_tags add constraint FKs4qq7btmqt4od1ghpeni6cvjp foreign key (tags_id) references tags
alter table user_tags add constraint FK3gqhq8ogc8hnt23y04ej3fuui foreign key (subscribers_id) references user
INSERT INTO USER VALUES(1,'fecha_nac','correo',TRUE,'nombre','String sexo','apellidos','{bcrypt}$2a$10$xLFtBIXGtYvAbRqM95JhcOaG23fHRpDoZIJrsF2cCff9xEHTTdK1u',NULL,'ADMIN','n')
COMMIT
INSERT INTO USER VALUES(2,'fecha_nac 2','correo 2',TRUE,'nombre 2','String sexo 2','apellidos 2','{bcrypt}$2a$10$xLFtBIXGtYvAbRqM95JhcOaG23fHRpDoZIJrsF2cCff9xEHTTdK1u',NULL,'USER','n2')
COMMIT
INSERT INTO USER VALUES(3,'fecha_nac 3','correo 3',TRUE,'nombre 3','String sexo 3','apellidos 3','{bcrypt}$2a$10$xLFtBIXGtYvAbRqM95JhcOaG23fHRpDoZIJrsF2cCff9xEHTTdK1u',NULL,'MOD','n3')
COMMIT
INSERT INTO EVENT VALUES(1,'2020-04-13 16:25:41.805000','Descripcion Evnto 1',TRUE,'El retiro','Nombre Evento 1',NULL,'2020-04-13 16:25:41.805000',NULL)
COMMIT
INSERT INTO EVENT VALUES(2,'2020-04-13 16:25:41.806000','Descripcion Evnto 2',TRUE,'El retiro','Nombre Evento 2',NULL,'2020-04-13 16:25:41.806000',NULL)
COMMIT
INSERT INTO EVENT VALUES(3,'2020-04-13 16:25:41.806000','Descripcion Evnto 3',FALSE,'El retiro','Nombre Evento 3',NULL,'2020-04-13 16:25:41.806000',NULL)
COMMIT
INSERT INTO TAGS VALUES(1,TRUE,'sport')
COMMIT
INSERT INTO EVENT_TAGS VALUES(1,1)
COMMIT
INSERT INTO EVENT_TAGS VALUES(2,1)
COMMIT
INSERT INTO EVENT_TAGS VALUES(3,1)
COMMIT
drop table if exists evaluation CASCADE 
drop table if exists event CASCADE 
drop table if exists event_participants CASCADE 
drop table if exists event_tags CASCADE 
drop table if exists message CASCADE 
drop table if exists tags CASCADE 
drop table if exists user CASCADE 
drop table if exists user_tags CASCADE 
drop sequence hibernate_sequence if exists
DISCONNECT
/*C430*/SET SCHEMA PUBLIC
DISCONNECT
/*C431*/SET SCHEMA PUBLIC
DISCONNECT
/*C432*/SET SCHEMA PUBLIC
DISCONNECT
/*C433*/SET SCHEMA PUBLIC
DISCONNECT
/*C434*/SET SCHEMA PUBLIC
DISCONNECT
/*C435*/SET SCHEMA PUBLIC
DISCONNECT
/*C436*/SET SCHEMA PUBLIC
DISCONNECT
/*C437*/SET SCHEMA PUBLIC
DISCONNECT
/*C438*/SET SCHEMA PUBLIC
DISCONNECT
/*C439*/SET SCHEMA PUBLIC
drop table if exists evaluation CASCADE 
drop table if exists event CASCADE 
drop table if exists event_participants CASCADE 
drop table if exists event_tags CASCADE 
drop table if exists message CASCADE 
drop table if exists tags CASCADE 
drop table if exists user CASCADE 
drop table if exists user_tags CASCADE 
drop sequence hibernate_sequence if exists
create sequence hibernate_sequence start with 1 increment by 1
create table evaluation (id bigint not null, review varchar(255), score double not null, evaluated_id bigint, evaluator_id bigint, primary key (id))
create table event (id bigint generated by default as identity (start with 1), date timestamp, description varchar(255), is_appropriate boolean not null, location varchar(255), name varchar(255), photo varchar(255), publication_date timestamp, creator_id bigint, primary key (id))
create table event_participants (joined_events_id bigint not null, participants_id bigint not null)
create table event_tags (events_id bigint not null, tags_id bigint not null)
create table message (id bigint generated by default as identity (start with 1), contenido varchar(255), estado integer, fecha timestamp, receiver_id bigint, sender_id bigint, primary key (id))
create table tags (id bigint generated by default as identity (start with 1), is_category boolean not null, tag varchar(255), primary key (id))
create table user (id bigint generated by default as identity (start with 1), birth_date varchar(255), email varchar(255), enabled boolean not null, first_name varchar(255), gender varchar(255), last_name varchar(255), password varchar(255) not null, photo varchar(255), user_role varchar(255), username varchar(255) not null, primary key (id))
create table user_tags (subscribers_id bigint not null, tags_id bigint not null)
alter table user add constraint UK_ob8kqyqqgmefl0aco34akdtpe unique (email)
alter table evaluation add constraint FKlunvqbll02c0wp7fnb6ydcxd7 foreign key (evaluated_id) references user
alter table evaluation add constraint FKtrqokyvat2d5ngqt70acp2edq foreign key (evaluator_id) references user
alter table event add constraint FKfnvc9jgli0tyfktl08q7h5rgd foreign key (creator_id) references user
alter table event_participants add constraint FK6m9wd6frr8aq1bwshfnfbtwve foreign key (participants_id) references user
alter table event_participants add constraint FKkd3clbnwk356hqxf044yo4gcw foreign key (joined_events_id) references event
alter table event_tags add constraint FKomwf0a7b44gjp0k29w9mh2emp foreign key (tags_id) references tags
alter table event_tags add constraint FKmdkd9thunwjxiiyhygdtedaq9 foreign key (events_id) references event
alter table message add constraint FK86f0kc2mt26ifwupnivu6v8oa foreign key (receiver_id) references user
alter table message add constraint FKcnj2qaf5yc36v2f90jw2ipl9b foreign key (sender_id) references user
alter table user_tags add constraint FKs4qq7btmqt4od1ghpeni6cvjp foreign key (tags_id) references tags
alter table user_tags add constraint FK3gqhq8ogc8hnt23y04ej3fuui foreign key (subscribers_id) references user
INSERT INTO USER VALUES(1,'fecha_nac','correo',TRUE,'nombre','String sexo','apellidos','{bcrypt}$2a$10$xLFtBIXGtYvAbRqM95JhcOaG23fHRpDoZIJrsF2cCff9xEHTTdK1u',NULL,'ADMIN','n')
COMMIT
INSERT INTO USER VALUES(2,'fecha_nac 2','correo 2',TRUE,'nombre 2','String sexo 2','apellidos 2','{bcrypt}$2a$10$xLFtBIXGtYvAbRqM95JhcOaG23fHRpDoZIJrsF2cCff9xEHTTdK1u',NULL,'USER','n2')
COMMIT
INSERT INTO USER VALUES(3,'fecha_nac 3','correo 3',TRUE,'nombre 3','String sexo 3','apellidos 3','{bcrypt}$2a$10$xLFtBIXGtYvAbRqM95JhcOaG23fHRpDoZIJrsF2cCff9xEHTTdK1u',NULL,'MOD','n3')
COMMIT
INSERT INTO EVENT VALUES(1,'2020-04-13 16:42:50.981000','Descripcion Evnto 1',TRUE,'El retiro','Nombre Evento 1',NULL,'2020-04-13 16:42:50.981000',NULL)
COMMIT
INSERT INTO EVENT VALUES(2,'2020-04-13 16:42:50.981000','Descripcion Evnto 2',TRUE,'El retiro','Nombre Evento 2',NULL,'2020-04-13 16:42:50.981000',NULL)
COMMIT
INSERT INTO EVENT VALUES(3,'2020-04-13 16:42:50.982000','Descripcion Evnto 3',FALSE,'El retiro','Nombre Evento 3',NULL,'2020-04-13 16:42:50.982000',NULL)
COMMIT
INSERT INTO TAGS VALUES(1,TRUE,'sport')
COMMIT
INSERT INTO EVENT_TAGS VALUES(1,1)
COMMIT
INSERT INTO EVENT_TAGS VALUES(2,1)
COMMIT
INSERT INTO EVENT_TAGS VALUES(3,1)
COMMIT
drop table if exists evaluation CASCADE 
drop table if exists event CASCADE 
drop table if exists event_participants CASCADE 
drop table if exists event_tags CASCADE 
drop table if exists message CASCADE 
drop table if exists tags CASCADE 
drop table if exists user CASCADE 
drop table if exists user_tags CASCADE 
drop sequence hibernate_sequence if exists
DISCONNECT
/*C440*/SET SCHEMA PUBLIC
DISCONNECT
/*C441*/SET SCHEMA PUBLIC
DISCONNECT
/*C442*/SET SCHEMA PUBLIC
DISCONNECT
/*C443*/SET SCHEMA PUBLIC
DISCONNECT
/*C444*/SET SCHEMA PUBLIC
DISCONNECT
/*C445*/SET SCHEMA PUBLIC
DISCONNECT
/*C446*/SET SCHEMA PUBLIC
DISCONNECT
/*C447*/SET SCHEMA PUBLIC
DISCONNECT
/*C448*/SET SCHEMA PUBLIC
DISCONNECT
/*C449*/SET SCHEMA PUBLIC
drop table if exists evaluation CASCADE 
drop table if exists event CASCADE 
drop table if exists event_participants CASCADE 
drop table if exists event_tags CASCADE 
drop table if exists message CASCADE 
drop table if exists tags CASCADE 
drop table if exists user CASCADE 
drop table if exists user_tags CASCADE 
drop sequence hibernate_sequence if exists
create sequence hibernate_sequence start with 1 increment by 1
create table evaluation (id bigint not null, review varchar(255), score double not null, evaluated_id bigint, evaluator_id bigint, primary key (id))
create table event (id bigint generated by default as identity (start with 1), date timestamp, description varchar(255), is_appropriate boolean not null, location varchar(255), name varchar(255), photo varchar(255), publication_date timestamp, creator_id bigint, primary key (id))
create table event_participants (joined_events_id bigint not null, participants_id bigint not null)
create table event_tags (events_id bigint not null, tags_id bigint not null)
create table message (id bigint generated by default as identity (start with 1), contenido varchar(255), estado integer, fecha timestamp, receiver_id bigint, sender_id bigint, primary key (id))
create table tags (id bigint generated by default as identity (start with 1), is_category boolean not null, tag varchar(255), primary key (id))
create table user (id bigint generated by default as identity (start with 1), birth_date varchar(255), email varchar(255), enabled boolean not null, first_name varchar(255), gender varchar(255), last_name varchar(255), password varchar(255) not null, photo varchar(255), user_role varchar(255), username varchar(255) not null, primary key (id))
create table user_tags (subscribers_id bigint not null, tags_id bigint not null)
alter table user add constraint UK_ob8kqyqqgmefl0aco34akdtpe unique (email)
alter table evaluation add constraint FKlunvqbll02c0wp7fnb6ydcxd7 foreign key (evaluated_id) references user
alter table evaluation add constraint FKtrqokyvat2d5ngqt70acp2edq foreign key (evaluator_id) references user
alter table event add constraint FKfnvc9jgli0tyfktl08q7h5rgd foreign key (creator_id) references user
alter table event_participants add constraint FK6m9wd6frr8aq1bwshfnfbtwve foreign key (participants_id) references user
alter table event_participants add constraint FKkd3clbnwk356hqxf044yo4gcw foreign key (joined_events_id) references event
alter table event_tags add constraint FKomwf0a7b44gjp0k29w9mh2emp foreign key (tags_id) references tags
alter table event_tags add constraint FKmdkd9thunwjxiiyhygdtedaq9 foreign key (events_id) references event
alter table message add constraint FK86f0kc2mt26ifwupnivu6v8oa foreign key (receiver_id) references user
alter table message add constraint FKcnj2qaf5yc36v2f90jw2ipl9b foreign key (sender_id) references user
alter table user_tags add constraint FKs4qq7btmqt4od1ghpeni6cvjp foreign key (tags_id) references tags
alter table user_tags add constraint FK3gqhq8ogc8hnt23y04ej3fuui foreign key (subscribers_id) references user
INSERT INTO USER VALUES(1,'fecha_nac','correo',TRUE,'nombre','String sexo','apellidos','{bcrypt}$2a$10$xLFtBIXGtYvAbRqM95JhcOaG23fHRpDoZIJrsF2cCff9xEHTTdK1u',NULL,'ADMIN','n')
COMMIT
INSERT INTO USER VALUES(2,'fecha_nac 2','correo 2',TRUE,'nombre 2','String sexo 2','apellidos 2','{bcrypt}$2a$10$xLFtBIXGtYvAbRqM95JhcOaG23fHRpDoZIJrsF2cCff9xEHTTdK1u',NULL,'USER','n2')
COMMIT
INSERT INTO USER VALUES(3,'fecha_nac 3','correo 3',TRUE,'nombre 3','String sexo 3','apellidos 3','{bcrypt}$2a$10$xLFtBIXGtYvAbRqM95JhcOaG23fHRpDoZIJrsF2cCff9xEHTTdK1u',NULL,'MOD','n3')
COMMIT
INSERT INTO EVENT VALUES(1,'2020-04-13 16:50:18.502000','Descripcion Evnto 1',TRUE,'El retiro','Nombre Evento 1',NULL,'2020-04-13 16:50:18.502000',NULL)
COMMIT
INSERT INTO EVENT VALUES(2,'2020-04-13 16:50:18.502000','Descripcion Evnto 2',TRUE,'El retiro','Nombre Evento 2',NULL,'2020-04-13 16:50:18.502000',NULL)
COMMIT
INSERT INTO EVENT VALUES(3,'2020-04-13 16:50:18.503000','Descripcion Evnto 3',FALSE,'El retiro','Nombre Evento 3',NULL,'2020-04-13 16:50:18.503000',NULL)
COMMIT
INSERT INTO TAGS VALUES(1,TRUE,'sport')
COMMIT
INSERT INTO EVENT_TAGS VALUES(1,1)
COMMIT
INSERT INTO EVENT_TAGS VALUES(2,1)
COMMIT
INSERT INTO EVENT_TAGS VALUES(3,1)
COMMIT
drop table if exists evaluation CASCADE 
drop table if exists event CASCADE 
drop table if exists event_participants CASCADE 
drop table if exists event_tags CASCADE 
drop table if exists message CASCADE 
drop table if exists tags CASCADE 
drop table if exists user CASCADE 
drop table if exists user_tags CASCADE 
drop sequence hibernate_sequence if exists
DISCONNECT
/*C450*/SET SCHEMA PUBLIC
DISCONNECT
/*C451*/SET SCHEMA PUBLIC
DISCONNECT
/*C452*/SET SCHEMA PUBLIC
DISCONNECT
/*C453*/SET SCHEMA PUBLIC
DISCONNECT
/*C454*/SET SCHEMA PUBLIC
DISCONNECT
/*C455*/SET SCHEMA PUBLIC
DISCONNECT
/*C456*/SET SCHEMA PUBLIC
DISCONNECT
/*C457*/SET SCHEMA PUBLIC
DISCONNECT
/*C458*/SET SCHEMA PUBLIC
DISCONNECT
/*C459*/SET SCHEMA PUBLIC
drop table if exists evaluation CASCADE 
drop table if exists event CASCADE 
drop table if exists event_participants CASCADE 
drop table if exists event_tags CASCADE 
drop table if exists message CASCADE 
drop table if exists tags CASCADE 
drop table if exists user CASCADE 
drop table if exists user_tags CASCADE 
drop sequence hibernate_sequence if exists
create sequence hibernate_sequence start with 1 increment by 1
create table evaluation (id bigint not null, review varchar(255), score double not null, evaluated_id bigint, evaluator_id bigint, primary key (id))
create table event (id bigint generated by default as identity (start with 1), date timestamp, description varchar(255), is_appropriate boolean not null, location varchar(255), name varchar(255), photo varchar(255), publication_date timestamp, creator_id bigint, primary key (id))
create table event_participants (joined_events_id bigint not null, participants_id bigint not null)
create table event_tags (events_id bigint not null, tags_id bigint not null)
create table message (id bigint generated by default as identity (start with 1), contenido varchar(255), estado integer, fecha timestamp, receiver_id bigint, sender_id bigint, primary key (id))
create table tags (id bigint generated by default as identity (start with 1), is_category boolean not null, tag varchar(255), primary key (id))
create table user (id bigint generated by default as identity (start with 1), birth_date varchar(255), email varchar(255), enabled boolean not null, first_name varchar(255), gender varchar(255), last_name varchar(255), password varchar(255) not null, photo varchar(255), user_role varchar(255), username varchar(255) not null, primary key (id))
create table user_tags (subscribers_id bigint not null, tags_id bigint not null)
alter table user add constraint UK_ob8kqyqqgmefl0aco34akdtpe unique (email)
alter table evaluation add constraint FKlunvqbll02c0wp7fnb6ydcxd7 foreign key (evaluated_id) references user
alter table evaluation add constraint FKtrqokyvat2d5ngqt70acp2edq foreign key (evaluator_id) references user
alter table event add constraint FKfnvc9jgli0tyfktl08q7h5rgd foreign key (creator_id) references user
alter table event_participants add constraint FK6m9wd6frr8aq1bwshfnfbtwve foreign key (participants_id) references user
alter table event_participants add constraint FKkd3clbnwk356hqxf044yo4gcw foreign key (joined_events_id) references event
alter table event_tags add constraint FKomwf0a7b44gjp0k29w9mh2emp foreign key (tags_id) references tags
alter table event_tags add constraint FKmdkd9thunwjxiiyhygdtedaq9 foreign key (events_id) references event
alter table message add constraint FK86f0kc2mt26ifwupnivu6v8oa foreign key (receiver_id) references user
alter table message add constraint FKcnj2qaf5yc36v2f90jw2ipl9b foreign key (sender_id) references user
alter table user_tags add constraint FKs4qq7btmqt4od1ghpeni6cvjp foreign key (tags_id) references tags
alter table user_tags add constraint FK3gqhq8ogc8hnt23y04ej3fuui foreign key (subscribers_id) references user
INSERT INTO USER VALUES(1,'fecha_nac','correo',TRUE,'nombre','String sexo','apellidos','{bcrypt}$2a$10$xLFtBIXGtYvAbRqM95JhcOaG23fHRpDoZIJrsF2cCff9xEHTTdK1u',NULL,'ADMIN','n')
COMMIT
INSERT INTO USER VALUES(2,'fecha_nac 2','correo 2',TRUE,'nombre 2','String sexo 2','apellidos 2','{bcrypt}$2a$10$xLFtBIXGtYvAbRqM95JhcOaG23fHRpDoZIJrsF2cCff9xEHTTdK1u',NULL,'USER','n2')
COMMIT
INSERT INTO USER VALUES(3,'fecha_nac 3','correo 3',TRUE,'nombre 3','String sexo 3','apellidos 3','{bcrypt}$2a$10$xLFtBIXGtYvAbRqM95JhcOaG23fHRpDoZIJrsF2cCff9xEHTTdK1u',NULL,'MOD','n3')
COMMIT
INSERT INTO EVENT VALUES(1,'2020-04-13 17:03:48.794000','Descripcion Evnto 1',TRUE,'El retiro','Nombre Evento 1',NULL,'2020-04-13 17:03:48.794000',NULL)
COMMIT
INSERT INTO EVENT VALUES(2,'2020-04-13 17:03:48.795000','Descripcion Evnto 2',TRUE,'El retiro','Nombre Evento 2',NULL,'2020-04-13 17:03:48.795000',NULL)
COMMIT
INSERT INTO EVENT VALUES(3,'2020-04-13 17:03:48.795000','Descripcion Evnto 3',FALSE,'El retiro','Nombre Evento 3',NULL,'2020-04-13 17:03:48.795000',NULL)
COMMIT
INSERT INTO TAGS VALUES(1,TRUE,'sport')
COMMIT
INSERT INTO EVENT_TAGS VALUES(1,1)
COMMIT
INSERT INTO EVENT_TAGS VALUES(2,1)
COMMIT
INSERT INTO EVENT_TAGS VALUES(3,1)
COMMIT
drop table if exists evaluation CASCADE 
drop table if exists event CASCADE 
drop table if exists event_participants CASCADE 
drop table if exists event_tags CASCADE 
drop table if exists message CASCADE 
drop table if exists tags CASCADE 
drop table if exists user CASCADE 
drop table if exists user_tags CASCADE 
drop sequence hibernate_sequence if exists
DISCONNECT
/*C460*/SET SCHEMA PUBLIC
DISCONNECT
/*C461*/SET SCHEMA PUBLIC
DISCONNECT
/*C462*/SET SCHEMA PUBLIC
DISCONNECT
/*C463*/SET SCHEMA PUBLIC
DISCONNECT
/*C464*/SET SCHEMA PUBLIC
DISCONNECT
/*C465*/SET SCHEMA PUBLIC
DISCONNECT
/*C466*/SET SCHEMA PUBLIC
DISCONNECT
/*C467*/SET SCHEMA PUBLIC
DISCONNECT
/*C468*/SET SCHEMA PUBLIC
DISCONNECT
